#
# There is insufficient memory for the Java Runtime Environment to continue.
# Native memory allocation (malloc) failed to allocate 83968 bytes for Chunk::new
# Possible reasons:
#   The system is out of physical RAM or swap space
#   The process is running with CompressedOops enabled, and the Java Heap may be blocking the growth of the native heap
# Possible solutions:
#   Reduce memory load on the system
#   Increase physical memory or swap space
#   Check if swap backing store is full
#   Decrease Java heap size (-Xmx/-Xms)
#   Decrease number of Java threads
#   Decrease Java thread stack sizes (-Xss)
#   Set larger code cache with -XX:ReservedCodeCacheSize=
#   JVM is running with Unscaled Compressed Oops mode in which the Java heap is
#     placed in the first 4GB address space. The Java Heap base address is the
#     maximum limit for the native heap growth. Please use -XX:HeapBaseMinAddress
#     to set the Java Heap base and to place the Java Heap above 4GB virtual address.
# This output file may be truncated or incomplete.
#
#  Out of Memory Error (arena.cpp:189), pid=22524, tid=18640
#
# JRE version: OpenJDK Runtime Environment (17.0.2+8) (build 17.0.2+8-86)
# Java VM: OpenJDK 64-Bit Server VM (17.0.2+8-86, mixed mode, sharing, tiered, compressed oops, compressed class ptrs, g1 gc, windows-amd64)
# No core dump will be written. Minidumps are not enabled by default on client versions of Windows
#

---------------  S U M M A R Y ------------

Command Line: -XX:MaxMetaspaceSize=512m --add-opens=java.base/java.util=ALL-UNNAMED --add-opens=java.base/java.lang=ALL-UNNAMED --add-opens=java.base/java.lang.invoke=ALL-UNNAMED --add-opens=java.prefs/java.util.prefs=ALL-UNNAMED --add-opens=java.base/java.nio.charset=ALL-UNNAMED --add-opens=java.base/java.net=ALL-UNNAMED --add-opens=java.base/java.util.concurrent.atomic=ALL-UNNAMED -Xmx2048m -Dfile.encoding=windows-1252 -Duser.country=BR -Duser.language=pt -Duser.variant -javaagent:C:\Users\pedro\.gradle\wrapper\dists\gradle-8.3-all\6en3ugtfdg5xnpx44z4qbwgas\gradle-8.3\lib\agents\gradle-instrumentation-agent-8.3.jar org.gradle.launcher.daemon.bootstrap.GradleDaemon 8.3

Host: Intel(R) Core(TM) i5-5300U CPU @ 2.30GHz, 4 cores, 7G,  Windows 10 , 64 bit Build 19041 (10.0.19041.3636)
Time: Tue Mar 12 14:42:31 2024 Hora oficial do Brasil elapsed time: 32.049013 seconds (0d 0h 0m 32s)

---------------  T H R E A D  ---------------

Current thread (0x000001bdefa10f50):  JavaThread "C2 CompilerThread0" daemon [_thread_in_native, id=18640, stack(0x000000aac3b00000,0x000000aac3c00000)]


Current CompileTask:
C2:  32049 9859       4       org.gradle.internal.snapshot.ChildMap$Entry::handleAncestorDescendantOrExactMatch (110 bytes)

Stack: [0x000000aac3b00000,0x000000aac3c00000]
Native frames: (J=compiled Java code, j=interpreted, Vv=VM code, C=native code)
V  [jvm.dll+0x670baa]
V  [jvm.dll+0x7cfcb4]
V  [jvm.dll+0x7d145e]
V  [jvm.dll+0x7d1ac3]
V  [jvm.dll+0x242bc5]
V  [jvm.dll+0xaa57b]
V  [jvm.dll+0xaab0c]
V  [jvm.dll+0x35fd07]
V  [jvm.dll+0x1b9615]
V  [jvm.dll+0x215de9]
V  [jvm.dll+0x2150b1]
V  [jvm.dll+0x1a1bbd]
V  [jvm.dll+0x224908]
V  [jvm.dll+0x222a6c]
V  [jvm.dll+0x7859bb]
V  [jvm.dll+0x77ff7a]
V  [jvm.dll+0x66fa35]
C  [ucrtbase.dll+0x21bb2]
C  [KERNEL32.DLL+0x17344]
C  [ntdll.dll+0x526b1]


---------------  P R O C E S S  ---------------

Threads class SMR info:
_java_thread_list=0x000001bdf34a5830, length=70, elements={
0x000001bdd20ea5e0, 0x000001bdef9f0f30, 0x000001bdef9f1ab0, 0x000001bdefa08f40,
0x000001bdefa0a810, 0x000001bdefa0b0d0, 0x000001bdefa0b990, 0x000001bdefa10f50,
0x000001bdefa19910, 0x000001bdefa26a20, 0x000001bdef9dcf90, 0x000001bdf05a71f0,
0x000001bdf27458d0, 0x000001bdf060bef0, 0x000001bdf1d6d400, 0x000001bdf2011070,
0x000001bdf2161030, 0x000001bdf18c50a0, 0x000001bdf18c5570, 0x000001bdf1c7e880,
0x000001bdf1c7ed50, 0x000001bdf1c7dee0, 0x000001bdf1c80560, 0x000001bdf1c7f220,
0x000001bdf1c7d540, 0x000001bdf1c80090, 0x000001bdf1c80a30, 0x000001bdf1c7da10,
0x000001bdf1c7e3b0, 0x000001bdf1c7f6f0, 0x000001bdf1c7fbc0, 0x000001bdf1c7d070,
0x000001bdf3153060, 0x000001bdf3158700, 0x000001bdf31573c0, 0x000001bdf3157890,
0x000001bdf3157d60, 0x000001bdf31556e0, 0x000001bdf3158bd0, 0x000001bdf3159570,
0x000001bdf3153530, 0x000001bdf3159a40, 0x000001bdf3153a00, 0x000001bdf3159f10,
0x000001bdf3153ed0, 0x000001bdf31543a0, 0x000001bdf3155bb0, 0x000001bdf3156a20,
0x000001bdf3156ef0, 0x000001bdf558e1e0, 0x000001bdf558d840, 0x000001bdf558c9d0,
0x000001bdf5591200, 0x000001bdf558e6b0, 0x000001bdf5592ee0, 0x000001bdf558eb80,
0x000001bdf558f050, 0x000001bdf5592540, 0x000001bdf558f520, 0x000001bdf558f9f0,
0x000001bdf5592a10, 0x000001bdf5590d30, 0x000001bdf55916d0, 0x000001bdf5592070,
0x000001bdf558c500, 0x000001bdf558d370, 0x000001bdf558dd10, 0x000001bdf8b44940,
0x000001bdf8b42790, 0x000001bdf8b43130
}

Java Threads: ( => current thread )
  0x000001bdd20ea5e0 JavaThread "main" [_thread_blocked, id=16896, stack(0x000000aac2e00000,0x000000aac2f00000)]
  0x000001bdef9f0f30 JavaThread "Reference Handler" daemon [_thread_blocked, id=17068, stack(0x000000aac3500000,0x000000aac3600000)]
  0x000001bdef9f1ab0 JavaThread "Finalizer" daemon [_thread_blocked, id=17536, stack(0x000000aac3600000,0x000000aac3700000)]
  0x000001bdefa08f40 JavaThread "Signal Dispatcher" daemon [_thread_blocked, id=13016, stack(0x000000aac3700000,0x000000aac3800000)]
  0x000001bdefa0a810 JavaThread "Attach Listener" daemon [_thread_blocked, id=11108, stack(0x000000aac3800000,0x000000aac3900000)]
  0x000001bdefa0b0d0 JavaThread "Service Thread" daemon [_thread_blocked, id=9744, stack(0x000000aac3900000,0x000000aac3a00000)]
  0x000001bdefa0b990 JavaThread "Monitor Deflation Thread" daemon [_thread_blocked, id=12704, stack(0x000000aac3a00000,0x000000aac3b00000)]
=>0x000001bdefa10f50 JavaThread "C2 CompilerThread0" daemon [_thread_in_native, id=18640, stack(0x000000aac3b00000,0x000000aac3c00000)]
  0x000001bdefa19910 JavaThread "C1 CompilerThread0" daemon [_thread_blocked, id=12276, stack(0x000000aac3c00000,0x000000aac3d00000)]
  0x000001bdefa26a20 JavaThread "Sweeper thread" daemon [_thread_blocked, id=3052, stack(0x000000aac3d00000,0x000000aac3e00000)]
  0x000001bdef9dcf90 JavaThread "Common-Cleaner" daemon [_thread_blocked, id=14392, stack(0x000000aac3e00000,0x000000aac3f00000)]
  0x000001bdf05a71f0 JavaThread "Notification Thread" daemon [_thread_blocked, id=5224, stack(0x000000aac3f00000,0x000000aac4000000)]
  0x000001bdf27458d0 JavaThread "Daemon health stats" [_thread_blocked, id=21272, stack(0x000000aac4500000,0x000000aac4600000)]
  0x000001bdf060bef0 JavaThread "Incoming local TCP Connector on port 55973" [_thread_in_native, id=5228, stack(0x000000aac4100000,0x000000aac4200000)]
  0x000001bdf1d6d400 JavaThread "Daemon periodic checks" [_thread_blocked, id=13208, stack(0x000000aac4600000,0x000000aac4700000)]
  0x000001bdf2011070 JavaThread "Daemon" [_thread_blocked, id=12700, stack(0x000000aac4700000,0x000000aac4800000)]
  0x000001bdf2161030 JavaThread "Handler for socket connection from /127.0.0.1:55973 to /127.0.0.1:55974" [_thread_in_native, id=6792, stack(0x000000aac4800000,0x000000aac4900000)]
  0x000001bdf18c50a0 JavaThread "Cancel handler" [_thread_blocked, id=11028, stack(0x000000aac4900000,0x000000aac4a00000)]
  0x000001bdf18c5570 JavaThread "Daemon worker" [_thread_blocked, id=14844, stack(0x000000aac4a00000,0x000000aac4b00000)]
  0x000001bdf1c7e880 JavaThread "Asynchronous log dispatcher for DefaultDaemonConnection: socket connection from /127.0.0.1:55973 to /127.0.0.1:55974" [_thread_blocked, id=15676, stack(0x000000aac4b00000,0x000000aac4c00000)]
  0x000001bdf1c7ed50 JavaThread "Stdin handler" [_thread_blocked, id=19072, stack(0x000000aac4c00000,0x000000aac4d00000)]
  0x000001bdf1c7dee0 JavaThread "Daemon client event forwarder" [_thread_blocked, id=1792, stack(0x000000aac4d00000,0x000000aac4e00000)]
  0x000001bdf1c80560 JavaThread "Cache worker for journal cache (C:\Users\pedro\.gradle\caches\journal-1)" [_thread_blocked, id=19832, stack(0x000000aac4e00000,0x000000aac4f00000)]
  0x000001bdf1c7f220 JavaThread "File lock request listener" [_thread_in_native, id=2316, stack(0x000000aac4f00000,0x000000aac5000000)]
  0x000001bdf1c7d540 JavaThread "Cache worker for file hash cache (C:\Users\pedro\.gradle\caches\8.3\fileHashes)" [_thread_blocked, id=19012, stack(0x000000aac5000000,0x000000aac5100000)]
  0x000001bdf1c80090 JavaThread "File watcher server" daemon [_thread_in_native, id=15668, stack(0x000000aac5200000,0x000000aac5300000)]
  0x000001bdf1c80a30 JavaThread "File watcher consumer" daemon [_thread_blocked, id=9696, stack(0x000000aac5300000,0x000000aac5400000)]
  0x000001bdf1c7da10 JavaThread "Cache worker for checksums cache (C:\Users\pedro\programacao\react\AwesomeProject\android\.gradle\8.3\checksums)" [_thread_blocked, id=9304, stack(0x000000aac5400000,0x000000aac5500000)]
  0x000001bdf1c7e3b0 JavaThread "Cache worker for file hash cache (C:\Users\pedro\programacao\react\AwesomeProject\android\.gradle\8.3\fileHashes)" [_thread_blocked, id=18400, stack(0x000000aac5500000,0x000000aac5600000)]
  0x000001bdf1c7f6f0 JavaThread "Cache worker for cache directory md-supplier (C:\Users\pedro\.gradle\caches\8.3\md-supplier)" [_thread_blocked, id=19640, stack(0x000000aac5600000,0x000000aac5700000)]
  0x000001bdf1c7fbc0 JavaThread "Cache worker for file content cache (C:\Users\pedro\.gradle\caches\8.3\fileContent)" [_thread_blocked, id=23412, stack(0x000000aac5700000,0x000000aac5800000)]
  0x000001bdf1c7d070 JavaThread "Cache worker for cache directory md-rule (C:\Users\pedro\.gradle\caches\8.3\md-rule)" [_thread_blocked, id=9840, stack(0x000000aac5900000,0x000000aac5a00000)]
  0x000001bdf3153060 JavaThread "Cache worker for execution history cache (C:\Users\pedro\.gradle\caches\8.3\executionHistory)" [_thread_blocked, id=3968, stack(0x000000aac5a00000,0x000000aac5b00000)]
  0x000001bdf3158700 JavaThread "jar transforms" [_thread_blocked, id=2840, stack(0x000000aac5b00000,0x000000aac5c00000)]
  0x000001bdf31573c0 JavaThread "jar transforms Thread 2" [_thread_blocked, id=23016, stack(0x000000aac5c00000,0x000000aac5d00000)]
  0x000001bdf3157890 JavaThread "jar transforms Thread 3" [_thread_blocked, id=8872, stack(0x000000aac5d00000,0x000000aac5e00000)]
  0x000001bdf3157d60 JavaThread "jar transforms Thread 4" [_thread_blocked, id=17608, stack(0x000000aac5e00000,0x000000aac5f00000)]
  0x000001bdf31556e0 JavaThread "Cache worker for kotlin-dsl (C:\Users\pedro\.gradle\caches\8.3\kotlin-dsl)" [_thread_blocked, id=21496, stack(0x000000aac5f00000,0x000000aac6000000)]
  0x000001bdf3158bd0 JavaThread "Unconstrained build operations" [_thread_blocked, id=11104, stack(0x000000aac6000000,0x000000aac6100000)]
  0x000001bdf3159570 JavaThread "Unconstrained build operations Thread 2" [_thread_blocked, id=1800, stack(0x000000aac6100000,0x000000aac6200000)]
  0x000001bdf3153530 JavaThread "Cache worker for dependencies-accessors (C:\Users\pedro\programacao\react\AwesomeProject\android\.gradle\8.3\dependencies-accessors)" [_thread_blocked, id=11644, stack(0x000000aac6200000,0x000000aac6300000)]
  0x000001bdf3159a40 JavaThread "Cache worker for Build Output Cleanup Cache (C:\Users\pedro\programacao\react\AwesomeProject\node_modules\@react-native\gradle-plugin\.gradle\buildOutputCleanup)" [_thread_blocked, id=9400, stack(0x000000aac6300000,0x000000aac6400000)]
  0x000001bdf3153a00 JavaThread "Unconstrained build operations Thread 3" [_thread_blocked, id=8208, stack(0x000000aac6400000,0x000000aac6500000)]
  0x000001bdf3159f10 JavaThread "Unconstrained build operations Thread 4" [_thread_blocked, id=7152, stack(0x000000aac6500000,0x000000aac6600000)]
  0x000001bdf3153ed0 JavaThread "Unconstrained build operations Thread 5" [_thread_blocked, id=7068, stack(0x000000aac6600000,0x000000aac6700000)]
  0x000001bdf31543a0 JavaThread "Memory manager" [_thread_blocked, id=15344, stack(0x000000aac6700000,0x000000aac6800000)]
  0x000001bdf3155bb0 JavaThread "Cache worker for Build Output Cleanup Cache (C:\Users\pedro\programacao\react\AwesomeProject\android\.gradle\buildOutputCleanup)" [_thread_blocked, id=16048, stack(0x000000aac6800000,0x000000aac6900000)]
  0x000001bdf3156a20 JavaThread "ForkJoinPool.commonPool-worker-1" daemon [_thread_blocked, id=11660, stack(0x000000aac6900000,0x000000aac6a00000)]
  0x000001bdf3156ef0 JavaThread "ForkJoinPool.commonPool-worker-2" daemon [_thread_blocked, id=22188, stack(0x000000aac6a00000,0x000000aac6b00000)]
  0x000001bdf558e1e0 JavaThread "ForkJoinPool.commonPool-worker-3" daemon [_thread_blocked, id=14124, stack(0x000000aac6b00000,0x000000aac6c00000)]
  0x000001bdf558d840 JavaThread "Exec process" [_thread_blocked, id=18648, stack(0x000000aac6c00000,0x000000aac6d00000)]
  0x000001bdf558c9d0 JavaThread "Exec process Thread 2" [_thread_blocked, id=19956, stack(0x000000aac6d00000,0x000000aac6e00000)]
  0x000001bdf5591200 JavaThread "Exec process Thread 3" [_thread_blocked, id=19004, stack(0x000000aac6e00000,0x000000aac6f00000)]
  0x000001bdf558e6b0 JavaThread "included builds" [_thread_blocked, id=21852, stack(0x000000aac6f00000,0x000000aac7000000)]
  0x000001bdf5592ee0 JavaThread "Execution worker" [_thread_blocked, id=11132, stack(0x000000aac7000000,0x000000aac7100000)]
  0x000001bdf558eb80 JavaThread "Execution worker Thread 2" [_thread_blocked, id=20836, stack(0x000000aac7100000,0x000000aac7200000)]
  0x000001bdf558f050 JavaThread "Execution worker Thread 3" [_thread_blocked, id=22440, stack(0x000000aac7200000,0x000000aac7300000)]
  0x000001bdf5592540 JavaThread "Cache worker for execution history cache (C:\Users\pedro\programacao\react\AwesomeProject\node_modules\@react-native\gradle-plugin\.gradle\8.3\executionHistory)" [_thread_blocked, id=8224, stack(0x000000aac7300000,0x000000aac7400000)]
  0x000001bdf558f520 JavaThread "Unconstrained build operations Thread 6" [_thread_blocked, id=7064, stack(0x000000aac7400000,0x000000aac7500000)]
  0x000001bdf558f9f0 JavaThread "Unconstrained build operations Thread 7" [_thread_blocked, id=10924, stack(0x000000aac7500000,0x000000aac7600000)]
  0x000001bdf5592a10 JavaThread "Unconstrained build operations Thread 8" [_thread_blocked, id=20940, stack(0x000000aac7600000,0x000000aac7700000)]
  0x000001bdf5590d30 JavaThread "Unconstrained build operations Thread 9" [_thread_blocked, id=944, stack(0x000000aac7700000,0x000000aac7800000)]
  0x000001bdf55916d0 JavaThread "Unconstrained build operations Thread 10" [_thread_blocked, id=8132, stack(0x000000aac7800000,0x000000aac7900000)]
  0x000001bdf5592070 JavaThread "WorkerExecutor Queue" [_thread_in_native, id=8784, stack(0x000000aac7900000,0x000000aac7a00000)]
  0x000001bdf558c500 JavaThread "RMI Scheduler(0)" daemon [_thread_blocked, id=14552, stack(0x000000aac5100000,0x000000aac5200000)]
  0x000001bdf558d370 JavaThread "RMI RenewClean-[127.0.0.1:17239,org.jetbrains.kotlin.daemon.common.LoopbackNetworkInterface$ClientLoopbackSocketFactory@52c0a8d3]" daemon [_thread_blocked, id=2584, stack(0x000000aac7a00000,0x000000aac7b00000)]
  0x000001bdf558dd10 JavaThread "RMI GC Daemon" daemon [_thread_blocked, id=20408, stack(0x000000aac7b00000,0x000000aac7c00000)]
  0x000001bdf8b44940 JavaThread "RMI TCP Accept-0" daemon [_thread_in_native, id=13220, stack(0x000000aac7c00000,0x000000aac7d00000)]
  0x000001bdf8b42790 JavaThread "RMI Reaper" [_thread_blocked, id=21096, stack(0x000000aac7d00000,0x000000aac7e00000)]
  0x000001bdf8b43130 JavaThread "RMI TCP Connection(idle)" daemon [_thread_blocked, id=8908, stack(0x000000aac7f00000,0x000000aac8000000)]

Other Threads:
  0x000001bdef9ec4f0 VMThread "VM Thread" [stack: 0x000000aac3400000,0x000000aac3500000] [id=760]
  0x000001bdf056c500 WatcherThread [stack: 0x000000aac4000000,0x000000aac4100000] [id=1736]
  0x000001bdd2129740 GCTaskThread "GC Thread#0" [stack: 0x000000aac2f00000,0x000000aac3000000] [id=1916]
  0x000001bdf0a0f060 GCTaskThread "GC Thread#1" [stack: 0x000000aac4200000,0x000000aac4300000] [id=4428]
  0x000001bdf0b5cc90 GCTaskThread "GC Thread#2" [stack: 0x000000aac4300000,0x000000aac4400000] [id=19000]
  0x000001bdf0a201e0 GCTaskThread "GC Thread#3" [stack: 0x000000aac4400000,0x000000aac4500000] [id=15956]
  0x000001bdd213c5a0 ConcurrentGCThread "G1 Main Marker" [stack: 0x000000aac3000000,0x000000aac3100000] [id=15952]
  0x000001bdd213d660 ConcurrentGCThread "G1 Conc#0" [stack: 0x000000aac3100000,0x000000aac3200000] [id=16000]
  0x000001bdef8a28d0 ConcurrentGCThread "G1 Refine#0" [stack: 0x000000aac3200000,0x000000aac3300000] [id=20960]
  0x000001bdf316ed10 ConcurrentGCThread "G1 Refine#1" [stack: 0x000000aac5800000,0x000000aac5900000] [id=4756]
  0x000001bdd21be850 ConcurrentGCThread "G1 Service" [stack: 0x000000aac3300000,0x000000aac3400000] [id=22940]

Threads with active compile tasks:
C2 CompilerThread0    32090 9859       4       org.gradle.internal.snapshot.ChildMap$Entry::handleAncestorDescendantOrExactMatch (110 bytes)

VM state: not at safepoint (normal execution)

VM Mutex/Monitor currently owned by a thread: None

Heap address: 0x0000000080000000, size: 2048 MB, Compressed Oops mode: 32-bit

CDS archive(s) mapped at: [0x0000000800000000-0x0000000800bc0000-0x0000000800bc0000), size 12320768, SharedBaseAddress: 0x0000000800000000, ArchiveRelocationMode: 0.
Compressed class space mapped at: 0x0000000800c00000-0x000000081a800000, reserved size: 432013312
Narrow klass base: 0x0000000800000000, Narrow klass shift: 0, Narrow klass range: 0x100000000

GC Precious Log:
 CPUs: 4 total, 4 available
 Memory: 7884M
 Large Page Support: Disabled
 NUMA Support: Disabled
 Compressed Oops: Enabled (32-bit)
 Heap Region Size: 1M
 Heap Min Capacity: 8M
 Heap Initial Capacity: 124M
 Heap Max Capacity: 2G
 Pre-touch: Disabled
 Parallel Workers: 4
 Concurrent Workers: 1
 Concurrent Refinement Workers: 4
 Periodic GC: Disabled

Heap:
 garbage-first heap   total 135168K, used 88090K [0x0000000080000000, 0x0000000100000000)
  region size 1024K, 22 young (22528K), 4 survivors (4096K)
 Metaspace       used 77737K, committed 78464K, reserved 495616K
  class space    used 10852K, committed 11200K, reserved 421888K

Heap Regions: E=young(eden), S=young(survivor), O=old, HS=humongous(starts), HC=humongous(continues), CS=collection set, F=free, OA=open archive, CA=closed archive, TAMS=top-at-mark-start (previous, next)
|   0|0x0000000080000000, 0x0000000080100000, 0x0000000080100000|100%| O|  |TAMS 0x0000000080100000, 0x0000000080000000| Untracked 
|   1|0x0000000080100000, 0x0000000080200000, 0x0000000080200000|100%| O|  |TAMS 0x0000000080200000, 0x0000000080100000| Untracked 
|   2|0x0000000080200000, 0x0000000080300000, 0x0000000080300000|100%|HS|  |TAMS 0x0000000080300000, 0x0000000080200000| Complete 
|   3|0x0000000080300000, 0x0000000080400000, 0x0000000080400000|100%|HC|  |TAMS 0x0000000080400000, 0x0000000080300000| Complete 
|   4|0x0000000080400000, 0x0000000080500000, 0x0000000080500000|100%|HC|  |TAMS 0x0000000080500000, 0x0000000080400000| Complete 
|   5|0x0000000080500000, 0x0000000080600000, 0x0000000080600000|100%|HC|  |TAMS 0x0000000080600000, 0x0000000080500000| Complete 
|   6|0x0000000080600000, 0x0000000080700000, 0x0000000080700000|100%| O|  |TAMS 0x0000000080700000, 0x0000000080600000| Untracked 
|   7|0x0000000080700000, 0x0000000080800000, 0x0000000080800000|100%| O|  |TAMS 0x0000000080800000, 0x0000000080700000| Untracked 
|   8|0x0000000080800000, 0x0000000080900000, 0x0000000080900000|100%| O|  |TAMS 0x0000000080900000, 0x0000000080800000| Untracked 
|   9|0x0000000080900000, 0x0000000080a00000, 0x0000000080a00000|100%| O|  |TAMS 0x0000000080a00000, 0x0000000080900000| Untracked 
|  10|0x0000000080a00000, 0x0000000080b00000, 0x0000000080b00000|100%| O|  |TAMS 0x0000000080b00000, 0x0000000080a00000| Untracked 
|  11|0x0000000080b00000, 0x0000000080c00000, 0x0000000080c00000|100%| O|  |TAMS 0x0000000080c00000, 0x0000000080b00000| Untracked 
|  12|0x0000000080c00000, 0x0000000080d00000, 0x0000000080d00000|100%| O|  |TAMS 0x0000000080d00000, 0x0000000080c00000| Untracked 
|  13|0x0000000080d00000, 0x0000000080e00000, 0x0000000080e00000|100%| O|  |TAMS 0x0000000080e00000, 0x0000000080d00000| Untracked 
|  14|0x0000000080e00000, 0x0000000080f00000, 0x0000000080f00000|100%| O|  |TAMS 0x0000000080f00000, 0x0000000080e00000| Untracked 
|  15|0x0000000080f00000, 0x0000000081000000, 0x0000000081000000|100%| O|  |TAMS 0x0000000081000000, 0x0000000080f00000| Untracked 
|  16|0x0000000081000000, 0x0000000081100000, 0x0000000081100000|100%| O|  |TAMS 0x0000000081100000, 0x0000000081000000| Untracked 
|  17|0x0000000081100000, 0x0000000081200000, 0x0000000081200000|100%| O|  |TAMS 0x0000000081200000, 0x0000000081100000| Untracked 
|  18|0x0000000081200000, 0x0000000081300000, 0x0000000081300000|100%| O|  |TAMS 0x0000000081300000, 0x0000000081200000| Untracked 
|  19|0x0000000081300000, 0x00000000813b3e00, 0x0000000081400000| 70%| O|  |TAMS 0x00000000813b3e00, 0x0000000081300000| Untracked 
|  20|0x0000000081400000, 0x0000000081500000, 0x0000000081500000|100%| O|  |TAMS 0x0000000081500000, 0x0000000081400000| Untracked 
|  21|0x0000000081500000, 0x0000000081600000, 0x0000000081600000|100%| O|  |TAMS 0x0000000081600000, 0x0000000081500000| Untracked 
|  22|0x0000000081600000, 0x0000000081700000, 0x0000000081700000|100%| O|  |TAMS 0x0000000081700000, 0x0000000081600000| Untracked 
|  23|0x0000000081700000, 0x0000000081800000, 0x0000000081800000|100%| O|  |TAMS 0x0000000081800000, 0x0000000081700000| Untracked 
|  24|0x0000000081800000, 0x0000000081900000, 0x0000000081900000|100%| O|  |TAMS 0x0000000081900000, 0x0000000081800000| Untracked 
|  25|0x0000000081900000, 0x0000000081a00000, 0x0000000081a00000|100%| O|  |TAMS 0x0000000081a00000, 0x0000000081900000| Untracked 
|  26|0x0000000081a00000, 0x0000000081b00000, 0x0000000081b00000|100%| O|  |TAMS 0x0000000081b00000, 0x0000000081a00000| Untracked 
|  27|0x0000000081b00000, 0x0000000081c00000, 0x0000000081c00000|100%| O|  |TAMS 0x0000000081c00000, 0x0000000081b00000| Untracked 
|  28|0x0000000081c00000, 0x0000000081d00000, 0x0000000081d00000|100%| O|  |TAMS 0x0000000081d00000, 0x0000000081c00000| Untracked 
|  29|0x0000000081d00000, 0x0000000081e00000, 0x0000000081e00000|100%| O|  |TAMS 0x0000000081e00000, 0x0000000081d00000| Untracked 
|  30|0x0000000081e00000, 0x0000000081f00000, 0x0000000081f00000|100%| O|  |TAMS 0x0000000081f00000, 0x0000000081e00000| Untracked 
|  31|0x0000000081f00000, 0x0000000082000000, 0x0000000082000000|100%| O|  |TAMS 0x0000000082000000, 0x0000000081f00000| Untracked 
|  32|0x0000000082000000, 0x0000000082100000, 0x0000000082100000|100%| O|  |TAMS 0x0000000082100000, 0x0000000082000000| Untracked 
|  33|0x0000000082100000, 0x0000000082200000, 0x0000000082200000|100%| O|  |TAMS 0x0000000082200000, 0x0000000082100000| Untracked 
|  34|0x0000000082200000, 0x0000000082300000, 0x0000000082300000|100%| O|  |TAMS 0x0000000082300000, 0x0000000082200000| Untracked 
|  35|0x0000000082300000, 0x0000000082400000, 0x0000000082400000|100%| O|  |TAMS 0x0000000082400000, 0x0000000082300000| Untracked 
|  36|0x0000000082400000, 0x0000000082500000, 0x0000000082500000|100%| O|  |TAMS 0x0000000082500000, 0x0000000082400000| Untracked 
|  37|0x0000000082500000, 0x0000000082600000, 0x0000000082600000|100%| O|  |TAMS 0x0000000082600000, 0x0000000082500000| Untracked 
|  38|0x0000000082600000, 0x0000000082700000, 0x0000000082700000|100%|HS|  |TAMS 0x0000000082700000, 0x0000000082600000| Complete 
|  39|0x0000000082700000, 0x0000000082800000, 0x0000000082800000|100%|HC|  |TAMS 0x0000000082800000, 0x0000000082700000| Complete 
|  40|0x0000000082800000, 0x0000000082900000, 0x0000000082900000|100%|HS|  |TAMS 0x0000000082900000, 0x0000000082800000| Complete 
|  41|0x0000000082900000, 0x0000000082a00000, 0x0000000082a00000|100%|HC|  |TAMS 0x0000000082a00000, 0x0000000082900000| Complete 
|  42|0x0000000082a00000, 0x0000000082b00000, 0x0000000082b00000|100%| O|  |TAMS 0x0000000082b00000, 0x0000000082a00000| Untracked 
|  43|0x0000000082b00000, 0x0000000082c00000, 0x0000000082c00000|100%| O|  |TAMS 0x0000000082c00000, 0x0000000082b00000| Untracked 
|  44|0x0000000082c00000, 0x0000000082d00000, 0x0000000082d00000|100%|HS|  |TAMS 0x0000000082d00000, 0x0000000082c00000| Complete 
|  45|0x0000000082d00000, 0x0000000082e00000, 0x0000000082e00000|100%|HC|  |TAMS 0x0000000082e00000, 0x0000000082d00000| Complete 
|  46|0x0000000082e00000, 0x0000000082f00000, 0x0000000082f00000|100%|HC|  |TAMS 0x0000000082f00000, 0x0000000082e00000| Complete 
|  47|0x0000000082f00000, 0x0000000083000000, 0x0000000083000000|100%|HC|  |TAMS 0x0000000083000000, 0x0000000082f00000| Complete 
|  48|0x0000000083000000, 0x0000000083100000, 0x0000000083100000|100%| O|  |TAMS 0x0000000083100000, 0x0000000083000000| Untracked 
|  49|0x0000000083100000, 0x0000000083200000, 0x0000000083200000|100%| O|  |TAMS 0x0000000083200000, 0x0000000083100000| Untracked 
|  50|0x0000000083200000, 0x0000000083300000, 0x0000000083300000|100%| O|  |TAMS 0x0000000083300000, 0x0000000083200000| Untracked 
|  51|0x0000000083300000, 0x0000000083400000, 0x0000000083400000|100%| O|  |TAMS 0x0000000083400000, 0x0000000083300000| Untracked 
|  52|0x0000000083400000, 0x0000000083500000, 0x0000000083500000|100%|HS|  |TAMS 0x0000000083500000, 0x0000000083400000| Complete 
|  53|0x0000000083500000, 0x0000000083600000, 0x0000000083600000|100%|HC|  |TAMS 0x0000000083600000, 0x0000000083500000| Complete 
|  54|0x0000000083600000, 0x0000000083700000, 0x0000000083700000|100%|HC|  |TAMS 0x0000000083700000, 0x0000000083600000| Complete 
|  55|0x0000000083700000, 0x0000000083800000, 0x0000000083800000|100%|HC|  |TAMS 0x0000000083800000, 0x0000000083700000| Complete 
|  56|0x0000000083800000, 0x0000000083900000, 0x0000000083900000|100%| O|  |TAMS 0x0000000083900000, 0x0000000083800000| Untracked 
|  57|0x0000000083900000, 0x0000000083a00000, 0x0000000083a00000|100%| O|  |TAMS 0x0000000083a00000, 0x0000000083900000| Untracked 
|  58|0x0000000083a00000, 0x0000000083b00000, 0x0000000083b00000|100%| O|  |TAMS 0x0000000083b00000, 0x0000000083a00000| Untracked 
|  59|0x0000000083b00000, 0x0000000083c00000, 0x0000000083c00000|100%| O|  |TAMS 0x0000000083c00000, 0x0000000083b00000| Untracked 
|  60|0x0000000083c00000, 0x0000000083d00000, 0x0000000083d00000|100%| O|  |TAMS 0x0000000083c86200, 0x0000000083c00000| Untracked 
|  61|0x0000000083d00000, 0x0000000083e00000, 0x0000000083e00000|100%| O|  |TAMS 0x0000000083d00000, 0x0000000083d00000| Untracked 
|  62|0x0000000083e00000, 0x0000000083f00000, 0x0000000083f00000|100%| O|  |TAMS 0x0000000083e00000, 0x0000000083e00000| Untracked 
|  63|0x0000000083f00000, 0x0000000084000000, 0x0000000084000000|100%| O|  |TAMS 0x0000000083f00000, 0x0000000083f00000| Untracked 
|  64|0x0000000084000000, 0x0000000084100000, 0x0000000084100000|100%| O|  |TAMS 0x0000000084000000, 0x0000000084000000| Untracked 
|  65|0x0000000084100000, 0x0000000084200000, 0x0000000084200000|100%| O|  |TAMS 0x0000000084100000, 0x0000000084100000| Untracked 
|  66|0x0000000084200000, 0x0000000084252c00, 0x0000000084300000| 32%| O|  |TAMS 0x0000000084200000, 0x0000000084200000| Untracked 
|  67|0x0000000084300000, 0x0000000084300000, 0x0000000084400000|  0%| F|  |TAMS 0x0000000084300000, 0x0000000084300000| Untracked 
|  68|0x0000000084400000, 0x0000000084400000, 0x0000000084500000|  0%| F|  |TAMS 0x0000000084400000, 0x0000000084400000| Untracked 
|  69|0x0000000084500000, 0x0000000084500000, 0x0000000084600000|  0%| F|  |TAMS 0x0000000084500000, 0x0000000084500000| Untracked 
|  70|0x0000000084600000, 0x0000000084600000, 0x0000000084700000|  0%| F|  |TAMS 0x0000000084600000, 0x0000000084600000| Untracked 
|  71|0x0000000084700000, 0x0000000084700000, 0x0000000084800000|  0%| F|  |TAMS 0x0000000084700000, 0x0000000084700000| Untracked 
|  72|0x0000000084800000, 0x0000000084800000, 0x0000000084900000|  0%| F|  |TAMS 0x0000000084800000, 0x0000000084800000| Untracked 
|  73|0x0000000084900000, 0x0000000084900000, 0x0000000084a00000|  0%| F|  |TAMS 0x0000000084900000, 0x0000000084900000| Untracked 
|  74|0x0000000084a00000, 0x0000000084a00000, 0x0000000084b00000|  0%| F|  |TAMS 0x0000000084a00000, 0x0000000084a00000| Untracked 
|  75|0x0000000084b00000, 0x0000000084b00000, 0x0000000084c00000|  0%| F|  |TAMS 0x0000000084b00000, 0x0000000084b00000| Untracked 
|  76|0x0000000084c00000, 0x0000000084c00000, 0x0000000084d00000|  0%| F|  |TAMS 0x0000000084c00000, 0x0000000084c00000| Untracked 
|  77|0x0000000084d00000, 0x0000000084d00000, 0x0000000084e00000|  0%| F|  |TAMS 0x0000000084d00000, 0x0000000084d00000| Untracked 
|  78|0x0000000084e00000, 0x0000000084e00000, 0x0000000084f00000|  0%| F|  |TAMS 0x0000000084e00000, 0x0000000084e00000| Untracked 
|  79|0x0000000084f00000, 0x0000000084f00000, 0x0000000085000000|  0%| F|  |TAMS 0x0000000084f00000, 0x0000000084f00000| Untracked 
|  80|0x0000000085000000, 0x0000000085000000, 0x0000000085100000|  0%| F|  |TAMS 0x0000000085000000, 0x0000000085000000| Untracked 
|  81|0x0000000085100000, 0x0000000085100000, 0x0000000085200000|  0%| F|  |TAMS 0x0000000085100000, 0x0000000085100000| Untracked 
|  82|0x0000000085200000, 0x0000000085300000, 0x0000000085300000|100%| S|CS|TAMS 0x0000000085200000, 0x0000000085200000| Complete 
|  83|0x0000000085300000, 0x0000000085300000, 0x0000000085400000|  0%| F|  |TAMS 0x0000000085300000, 0x0000000085300000| Untracked 
|  84|0x0000000085400000, 0x0000000085400000, 0x0000000085500000|  0%| F|  |TAMS 0x0000000085400000, 0x0000000085400000| Untracked 
|  85|0x0000000085500000, 0x0000000085500000, 0x0000000085600000|  0%| F|  |TAMS 0x0000000085500000, 0x0000000085500000| Untracked 
|  86|0x0000000085600000, 0x0000000085600000, 0x0000000085700000|  0%| F|  |TAMS 0x0000000085600000, 0x0000000085600000| Untracked 
|  87|0x0000000085700000, 0x0000000085700000, 0x0000000085800000|  0%| F|  |TAMS 0x0000000085700000, 0x0000000085700000| Untracked 
|  88|0x0000000085800000, 0x0000000085800000, 0x0000000085900000|  0%| F|  |TAMS 0x0000000085800000, 0x0000000085800000| Untracked 
|  89|0x0000000085900000, 0x0000000085a00000, 0x0000000085a00000|100%| S|CS|TAMS 0x0000000085900000, 0x0000000085900000| Complete 
|  90|0x0000000085a00000, 0x0000000085b00000, 0x0000000085b00000|100%| S|CS|TAMS 0x0000000085a00000, 0x0000000085a00000| Complete 
|  91|0x0000000085b00000, 0x0000000085c00000, 0x0000000085c00000|100%| S|CS|TAMS 0x0000000085b00000, 0x0000000085b00000| Complete 
|  92|0x0000000085c00000, 0x0000000085c00000, 0x0000000085d00000|  0%| F|  |TAMS 0x0000000085c00000, 0x0000000085c00000| Untracked 
|  93|0x0000000085d00000, 0x0000000085d00000, 0x0000000085e00000|  0%| F|  |TAMS 0x0000000085d00000, 0x0000000085d00000| Untracked 
|  94|0x0000000085e00000, 0x0000000085e00000, 0x0000000085f00000|  0%| F|  |TAMS 0x0000000085e00000, 0x0000000085e00000| Untracked 
|  95|0x0000000085f00000, 0x0000000085f00000, 0x0000000086000000|  0%| F|  |TAMS 0x0000000085f00000, 0x0000000085f00000| Untracked 
|  96|0x0000000086000000, 0x0000000086000000, 0x0000000086100000|  0%| F|  |TAMS 0x0000000086000000, 0x0000000086000000| Untracked 
|  97|0x0000000086100000, 0x0000000086100000, 0x0000000086200000|  0%| F|  |TAMS 0x0000000086100000, 0x0000000086100000| Untracked 
|  98|0x0000000086200000, 0x0000000086200000, 0x0000000086300000|  0%| F|  |TAMS 0x0000000086200000, 0x0000000086200000| Untracked 
|  99|0x0000000086300000, 0x0000000086300000, 0x0000000086400000|  0%| F|  |TAMS 0x0000000086300000, 0x0000000086300000| Untracked 
| 100|0x0000000086400000, 0x0000000086400000, 0x0000000086500000|  0%| F|  |TAMS 0x0000000086400000, 0x0000000086400000| Untracked 
| 101|0x0000000086500000, 0x0000000086500000, 0x0000000086600000|  0%| F|  |TAMS 0x0000000086500000, 0x0000000086500000| Untracked 
| 102|0x0000000086600000, 0x0000000086600000, 0x0000000086700000|  0%| F|  |TAMS 0x0000000086600000, 0x0000000086600000| Untracked 
| 103|0x0000000086700000, 0x0000000086700000, 0x0000000086800000|  0%| F|  |TAMS 0x0000000086700000, 0x0000000086700000| Untracked 
| 104|0x0000000086800000, 0x0000000086800000, 0x0000000086900000|  0%| F|  |TAMS 0x0000000086800000, 0x0000000086800000| Untracked 
| 105|0x0000000086900000, 0x0000000086900000, 0x0000000086a00000|  0%| F|  |TAMS 0x0000000086900000, 0x0000000086900000| Untracked 
| 106|0x0000000086a00000, 0x0000000086a00000, 0x0000000086b00000|  0%| F|  |TAMS 0x0000000086a00000, 0x0000000086a00000| Untracked 
| 107|0x0000000086b00000, 0x0000000086b00000, 0x0000000086c00000|  0%| F|  |TAMS 0x0000000086b00000, 0x0000000086b00000| Untracked 
| 108|0x0000000086c00000, 0x0000000086c00000, 0x0000000086d00000|  0%| F|  |TAMS 0x0000000086c00000, 0x0000000086c00000| Untracked 
| 109|0x0000000086d00000, 0x0000000086d00000, 0x0000000086e00000|  0%| F|  |TAMS 0x0000000086d00000, 0x0000000086d00000| Untracked 
| 110|0x0000000086e00000, 0x0000000086e00000, 0x0000000086f00000|  0%| F|  |TAMS 0x0000000086e00000, 0x0000000086e00000| Untracked 
| 111|0x0000000086f00000, 0x0000000086f00000, 0x0000000087000000|  0%| F|  |TAMS 0x0000000086f00000, 0x0000000086f00000| Untracked 
| 112|0x0000000087000000, 0x0000000087000000, 0x0000000087100000|  0%| F|  |TAMS 0x0000000087000000, 0x0000000087000000| Untracked 
| 113|0x0000000087100000, 0x0000000087100000, 0x0000000087200000|  0%| F|  |TAMS 0x0000000087100000, 0x0000000087100000| Untracked 
| 114|0x0000000087200000, 0x0000000087244528, 0x0000000087300000| 26%| E|  |TAMS 0x0000000087200000, 0x0000000087200000| Complete 
| 115|0x0000000087300000, 0x0000000087400000, 0x0000000087400000|100%| E|CS|TAMS 0x0000000087300000, 0x0000000087300000| Complete 
| 116|0x0000000087400000, 0x0000000087500000, 0x0000000087500000|100%| E|  |TAMS 0x0000000087400000, 0x0000000087400000| Complete 
| 117|0x0000000087500000, 0x0000000087600000, 0x0000000087600000|100%| E|CS|TAMS 0x0000000087500000, 0x0000000087500000| Complete 
| 118|0x0000000087600000, 0x0000000087700000, 0x0000000087700000|100%| E|CS|TAMS 0x0000000087600000, 0x0000000087600000| Complete 
| 119|0x0000000087700000, 0x0000000087800000, 0x0000000087800000|100%| E|CS|TAMS 0x0000000087700000, 0x0000000087700000| Complete 
| 120|0x0000000087800000, 0x0000000087900000, 0x0000000087900000|100%| E|CS|TAMS 0x0000000087800000, 0x0000000087800000| Complete 
| 121|0x0000000087900000, 0x0000000087a00000, 0x0000000087a00000|100%| E|CS|TAMS 0x0000000087900000, 0x0000000087900000| Complete 
| 122|0x0000000087a00000, 0x0000000087b00000, 0x0000000087b00000|100%| E|CS|TAMS 0x0000000087a00000, 0x0000000087a00000| Complete 
| 123|0x0000000087b00000, 0x0000000087c00000, 0x0000000087c00000|100%| E|CS|TAMS 0x0000000087b00000, 0x0000000087b00000| Complete 
| 124|0x0000000087c00000, 0x0000000087d00000, 0x0000000087d00000|100%| E|CS|TAMS 0x0000000087c00000, 0x0000000087c00000| Complete 
| 125|0x0000000087d00000, 0x0000000087e00000, 0x0000000087e00000|100%| E|CS|TAMS 0x0000000087d00000, 0x0000000087d00000| Complete 
| 126|0x0000000087e00000, 0x0000000087f00000, 0x0000000087f00000|100%| E|CS|TAMS 0x0000000087e00000, 0x0000000087e00000| Complete 
| 127|0x0000000087f00000, 0x0000000088000000, 0x0000000088000000|100%| E|CS|TAMS 0x0000000087f00000, 0x0000000087f00000| Complete 
| 128|0x0000000088000000, 0x0000000088100000, 0x0000000088100000|100%| E|CS|TAMS 0x0000000088000000, 0x0000000088000000| Complete 
| 129|0x0000000088100000, 0x0000000088200000, 0x0000000088200000|100%| E|CS|TAMS 0x0000000088100000, 0x0000000088100000| Complete 
| 130|0x0000000088200000, 0x0000000088300000, 0x0000000088300000|100%| E|CS|TAMS 0x0000000088200000, 0x0000000088200000| Complete 
| 131|0x0000000088300000, 0x0000000088400000, 0x0000000088400000|100%| E|CS|TAMS 0x0000000088300000, 0x0000000088300000| Complete 

Card table byte_map: [0x000001bde8d30000,0x000001bde9130000] _byte_map_base: 0x000001bde8930000

Marking Bits (Prev, Next): (CMBitMap*) 0x000001bdd2129ca0, (CMBitMap*) 0x000001bdd2129c60
 Prev Bits: [0x000001bdeb530000, 0x000001bded530000)
 Next Bits: [0x000001bde9530000, 0x000001bdeb530000)

Polling page: 0x000001bdd0280000

Metaspace:

Usage:
  Non-class:     65.32 MB used.
      Class:     10.60 MB used.
       Both:     75.92 MB used.

Virtual space:
  Non-class space:       72.00 MB reserved,      65.69 MB ( 91%) committed,  9 nodes.
      Class space:      412.00 MB reserved,      10.94 MB (  3%) committed,  1 nodes.
             Both:      484.00 MB reserved,      76.62 MB ( 16%) committed. 

Chunk freelists:
   Non-Class:  1.97 MB
       Class:  1.09 MB
        Both:  3.06 MB

MaxMetaspaceSize: 512.00 MB
CompressedClassSpaceSize: 412.00 MB
Initial GC threshold: 21.00 MB
Current GC threshold: 124.62 MB
CDS: on
MetaspaceReclaimPolicy: balanced
 - commit_granule_bytes: 65536.
 - commit_granule_words: 8192.
 - virtual_space_node_default_size: 1048576.
 - enlarge_chunks_in_place: 1.
 - new_chunks_are_fully_committed: 0.
 - uncommit_free_chunks: 1.
 - use_allocation_guard: 0.
 - handle_deallocations: 1.


Internal statistics:

num_allocs_failed_limit: 6.
num_arena_births: 998.
num_arena_deaths: 0.
num_vsnodes_births: 10.
num_vsnodes_deaths: 0.
num_space_committed: 1226.
num_space_uncommitted: 0.
num_chunks_returned_to_freelist: 6.
num_chunks_taken_from_freelist: 4201.
num_chunk_merges: 6.
num_chunk_splits: 2779.
num_chunks_enlarged: 1843.
num_purges: 0.
num_inconsistent_stats: 0.

CodeHeap 'non-profiled nmethods': size=120000Kb used=4970Kb max_used=4970Kb free=115029Kb
 bounds [0x000001bde1400000, 0x000001bde18e0000, 0x000001bde8930000]
CodeHeap 'profiled nmethods': size=120000Kb used=18072Kb max_used=18072Kb free=101928Kb
 bounds [0x000001bdd9ed0000, 0x000001bddb080000, 0x000001bde1400000]
CodeHeap 'non-nmethods': size=5760Kb used=2402Kb max_used=2436Kb free=3357Kb
 bounds [0x000001bdd9930000, 0x000001bdd9ba0000, 0x000001bdd9ed0000]
 total_blobs=9917 nmethods=8983 adapters=845
 compilation: enabled
              stopped_count=0, restarted_count=0
 full_count=0

Compilation events (20 events):
Event: 31.951 Thread 0x000001bdefa19910 nmethod 9849 0x000001bddb072310 code [0x000001bddb0724c0, 0x000001bddb072688]
Event: 31.976 Thread 0x000001bdefa19910 9850       3       org.gradle.internal.snapshot.SingletonChildMap::access$100 (7 bytes)
Event: 31.977 Thread 0x000001bdefa19910 nmethod 9850 0x000001bddb072790 code [0x000001bddb072920, 0x000001bddb072a48]
Event: 31.977 Thread 0x000001bdefa19910 9851       3       org.gradle.internal.snapshot.SingletonChildMap::withReplacedChild (43 bytes)
Event: 31.977 Thread 0x000001bdefa19910 nmethod 9851 0x000001bddb072b10 code [0x000001bddb072d00, 0x000001bddb073128]
Event: 31.978 Thread 0x000001bdefa19910 9852       1       org.gradle.internal.snapshot.AbstractListChildMap$1::getChildMap (5 bytes)
Event: 31.979 Thread 0x000001bdefa19910 nmethod 9852 0x000001bde18d9b90 code [0x000001bde18d9d20, 0x000001bde18d9df8]
Event: 31.979 Thread 0x000001bdefa19910 9853       1       org.gradle.internal.snapshot.AbstractListChildMap::isEmpty (2 bytes)
Event: 31.979 Thread 0x000001bdefa19910 nmethod 9853 0x000001bde18d9e90 code [0x000001bde18da020, 0x000001bde18da0f8]
Event: 31.982 Thread 0x000001bdefa19910 9854       3       org.gradle.internal.snapshot.AbstractIncompleteFileSystemNode::invalidate (65 bytes)
Event: 31.983 Thread 0x000001bdefa19910 nmethod 9854 0x000001bddb073310 code [0x000001bddb073620, 0x000001bddb074a98]
Event: 31.983 Thread 0x000001bdefa19910 9855       3       org.gradle.internal.snapshot.AbstractIncompleteFileSystemNode$1::<init> (20 bytes)
Event: 31.983 Thread 0x000001bdefa19910 nmethod 9855 0x000001bddb075110 code [0x000001bddb0752c0, 0x000001bddb075538]
Event: 31.983 Thread 0x000001bdefa19910 9856       3       org.gradle.internal.snapshot.AbstractInvalidateChildHandler::<init> (10 bytes)
Event: 31.983 Thread 0x000001bdefa19910 nmethod 9856 0x000001bddb075610 code [0x000001bddb0757a0, 0x000001bddb075958]
Event: 31.984 Thread 0x000001bdefa10f50 9857       4       java.lang.invoke.Invokers$Holder::linkToTargetMethod (11 bytes)
Event: 31.985 Thread 0x000001bdefa10f50 nmethod 9857 0x000001bde18da190 code [0x000001bde18da320, 0x000001bde18da3f8]
Event: 31.988 Thread 0x000001bdefa10f50 9858       4       java.lang.invoke.DirectMethodHandle$Holder::newInvokeSpecial (28 bytes)
Event: 31.990 Thread 0x000001bdefa10f50 nmethod 9858 0x000001bde18da510 code [0x000001bde18da6a0, 0x000001bde18da8c8]
Event: 32.023 Thread 0x000001bdefa10f50 9859       4       org.gradle.internal.snapshot.ChildMap$Entry::handleAncestorDescendantOrExactMatch (110 bytes)

GC Heap History (20 events):
Event: 13.162 GC heap before
{Heap before GC invocations=13 (full 0):
 garbage-first heap   total 98304K, used 77345K [0x0000000080000000, 0x0000000100000000)
  region size 1024K, 44 young (45056K), 6 survivors (6144K)
 Metaspace       used 53368K, committed 54016K, reserved 471040K
  class space    used 7411K, committed 7680K, reserved 421888K
}
Event: 13.174 GC heap after
{Heap after GC invocations=14 (full 0):
 garbage-first heap   total 98304K, used 40937K [0x0000000080000000, 0x0000000100000000)
  region size 1024K, 4 young (4096K), 4 survivors (4096K)
 Metaspace       used 53368K, committed 54016K, reserved 471040K
  class space    used 7411K, committed 7680K, reserved 421888K
}
Event: 13.926 GC heap before
{Heap before GC invocations=14 (full 0):
 garbage-first heap   total 98304K, used 61417K [0x0000000080000000, 0x0000000100000000)
  region size 1024K, 21 young (21504K), 4 survivors (4096K)
 Metaspace       used 54663K, committed 55232K, reserved 471040K
  class space    used 7566K, committed 7808K, reserved 421888K
}
Event: 13.934 GC heap after
{Heap after GC invocations=15 (full 0):
 garbage-first heap   total 98304K, used 46417K [0x0000000080000000, 0x0000000100000000)
  region size 1024K, 3 young (3072K), 3 survivors (3072K)
 Metaspace       used 54663K, committed 55232K, reserved 471040K
  class space    used 7566K, committed 7808K, reserved 421888K
}
Event: 14.580 GC heap before
{Heap before GC invocations=16 (full 0):
 garbage-first heap   total 98304K, used 82257K [0x0000000080000000, 0x0000000100000000)
  region size 1024K, 34 young (34816K), 3 survivors (3072K)
 Metaspace       used 58043K, committed 58624K, reserved 479232K
  class space    used 8025K, committed 8256K, reserved 421888K
}
Event: 14.588 GC heap after
{Heap after GC invocations=17 (full 0):
 garbage-first heap   total 98304K, used 53040K [0x0000000080000000, 0x0000000100000000)
  region size 1024K, 5 young (5120K), 5 survivors (5120K)
 Metaspace       used 58043K, committed 58624K, reserved 479232K
  class space    used 8025K, committed 8256K, reserved 421888K
}
Event: 14.956 GC heap before
{Heap before GC invocations=17 (full 0):
 garbage-first heap   total 98304K, used 71472K [0x0000000080000000, 0x0000000100000000)
  region size 1024K, 24 young (24576K), 5 survivors (5120K)
 Metaspace       used 59966K, committed 60608K, reserved 479232K
  class space    used 8344K, committed 8640K, reserved 421888K
}
Event: 14.962 GC heap after
{Heap after GC invocations=18 (full 0):
 garbage-first heap   total 98304K, used 53939K [0x0000000080000000, 0x0000000100000000)
  region size 1024K, 2 young (2048K), 2 survivors (2048K)
 Metaspace       used 59966K, committed 60608K, reserved 479232K
  class space    used 8344K, committed 8640K, reserved 421888K
}
Event: 15.475 GC heap before
{Heap before GC invocations=19 (full 0):
 garbage-first heap   total 109568K, used 83635K [0x0000000080000000, 0x0000000100000000)
  region size 1024K, 27 young (27648K), 2 survivors (2048K)
 Metaspace       used 61759K, committed 62464K, reserved 479232K
  class space    used 8578K, committed 8896K, reserved 421888K
}
Event: 15.481 GC heap after
{Heap after GC invocations=20 (full 0):
 garbage-first heap   total 109568K, used 58852K [0x0000000080000000, 0x0000000100000000)
  region size 1024K, 2 young (2048K), 2 survivors (2048K)
 Metaspace       used 61759K, committed 62464K, reserved 479232K
  class space    used 8578K, committed 8896K, reserved 421888K
}
Event: 15.927 GC heap before
{Heap before GC invocations=20 (full 0):
 garbage-first heap   total 109568K, used 89572K [0x0000000080000000, 0x0000000100000000)
  region size 1024K, 32 young (32768K), 2 survivors (2048K)
 Metaspace       used 64757K, committed 65408K, reserved 479232K
  class space    used 8998K, committed 9280K, reserved 421888K
}
Event: 15.932 GC heap after
{Heap after GC invocations=21 (full 0):
 garbage-first heap   total 109568K, used 60130K [0x0000000080000000, 0x0000000100000000)
  region size 1024K, 4 young (4096K), 4 survivors (4096K)
 Metaspace       used 64757K, committed 65408K, reserved 479232K
  class space    used 8998K, committed 9280K, reserved 421888K
}
Event: 16.542 GC heap before
{Heap before GC invocations=22 (full 0):
 garbage-first heap   total 112640K, used 88802K [0x0000000080000000, 0x0000000100000000)
  region size 1024K, 33 young (33792K), 4 survivors (4096K)
 Metaspace       used 67126K, committed 67776K, reserved 487424K
  class space    used 9307K, committed 9600K, reserved 421888K
}
Event: 16.550 GC heap after
{Heap after GC invocations=23 (full 0):
 garbage-first heap   total 112640K, used 61699K [0x0000000080000000, 0x0000000100000000)
  region size 1024K, 4 young (4096K), 4 survivors (4096K)
 Metaspace       used 67126K, committed 67776K, reserved 487424K
  class space    used 9307K, committed 9600K, reserved 421888K
}
Event: 17.045 GC heap before
{Heap before GC invocations=23 (full 0):
 garbage-first heap   total 112640K, used 93443K [0x0000000080000000, 0x0000000100000000)
  region size 1024K, 35 young (35840K), 4 survivors (4096K)
 Metaspace       used 69068K, committed 69696K, reserved 487424K
  class space    used 9612K, committed 9920K, reserved 421888K
}
Event: 17.055 GC heap after
{Heap after GC invocations=24 (full 0):
 garbage-first heap   total 135168K, used 63719K [0x0000000080000000, 0x0000000100000000)
  region size 1024K, 4 young (4096K), 4 survivors (4096K)
 Metaspace       used 69068K, committed 69696K, reserved 487424K
  class space    used 9612K, committed 9920K, reserved 421888K
}
Event: 19.466 GC heap before
{Heap before GC invocations=25 (full 0):
 garbage-first heap   total 135168K, used 107751K [0x0000000080000000, 0x0000000100000000)
  region size 1024K, 47 young (48128K), 4 survivors (4096K)
 Metaspace       used 72296K, committed 72960K, reserved 487424K
  class space    used 10111K, committed 10432K, reserved 421888K
}
Event: 19.479 GC heap after
{Heap after GC invocations=26 (full 0):
 garbage-first heap   total 135168K, used 67816K [0x0000000080000000, 0x0000000100000000)
  region size 1024K, 6 young (6144K), 6 survivors (6144K)
 Metaspace       used 72296K, committed 72960K, reserved 487424K
  class space    used 10111K, committed 10432K, reserved 421888K
}
Event: 20.664 GC heap before
{Heap before GC invocations=26 (full 0):
 garbage-first heap   total 135168K, used 107752K [0x0000000080000000, 0x0000000100000000)
  region size 1024K, 46 young (47104K), 6 survivors (6144K)
 Metaspace       used 75414K, committed 76160K, reserved 487424K
  class space    used 10500K, committed 10816K, reserved 421888K
}
Event: 20.681 GC heap after
{Heap after GC invocations=27 (full 0):
 garbage-first heap   total 135168K, used 71706K [0x0000000080000000, 0x0000000100000000)
  region size 1024K, 4 young (4096K), 4 survivors (4096K)
 Metaspace       used 75414K, committed 76160K, reserved 487424K
  class space    used 10500K, committed 10816K, reserved 421888K
}

Deoptimization events (20 events):
Event: 22.154 Thread 0x000001bdf5592070 Uncommon trap: trap_request=0xffffffc6 fr.pc=0x000001bde151f050 relative=0x0000000000000910
Event: 22.154 Thread 0x000001bdf5592070 Uncommon trap: reason=bimorphic_or_optimized_type_check action=maybe_recompile pc=0x000001bde151f050 method=java.io.DataOutputStream.writeLong(J)V @ 108 c2
Event: 22.154 Thread 0x000001bdf5592070 DEOPT PACKING pc=0x000001bde151f050 sp=0x000000aac79fd420
Event: 22.154 Thread 0x000001bdf5592070 DEOPT UNPACKING pc=0x000001bdd99823a3 sp=0x000000aac79fd408 mode 2
Event: 22.211 Thread 0x000001bdf5592070 Uncommon trap: trap_request=0xffffff45 fr.pc=0x000001bde144998c relative=0x000000000000026c
Event: 22.211 Thread 0x000001bdf5592070 Uncommon trap: reason=unstable_if action=reinterpret pc=0x000001bde144998c method=java.io.BufferedOutputStream.write([BII)V @ 35 c2
Event: 22.211 Thread 0x000001bdf5592070 DEOPT PACKING pc=0x000001bde144998c sp=0x000000aac79fd610
Event: 22.211 Thread 0x000001bdf5592070 DEOPT UNPACKING pc=0x000001bdd99823a3 sp=0x000000aac79fd5b8 mode 2
Event: 22.226 Thread 0x000001bdf5592070 DEOPT PACKING pc=0x000001bdd9fc6f93 sp=0x000000aac79fd370
Event: 22.226 Thread 0x000001bdf5592070 DEOPT UNPACKING pc=0x000001bdd9982b43 sp=0x000000aac79fc880 mode 0
Event: 22.229 Thread 0x000001bdf5592070 DEOPT PACKING pc=0x000001bddac23b2e sp=0x000000aac79fc0d0
Event: 22.229 Thread 0x000001bdf5592070 DEOPT UNPACKING pc=0x000001bdd9982b43 sp=0x000000aac79fb590 mode 0
Event: 22.254 Thread 0x000001bdf5592070 DEOPT PACKING pc=0x000001bddac24690 sp=0x000000aac79fd270
Event: 22.254 Thread 0x000001bdf5592070 DEOPT UNPACKING pc=0x000001bdd9982b43 sp=0x000000aac79fc738 mode 0
Event: 28.341 Thread 0x000001bdf5592070 Uncommon trap: trap_request=0xffffff45 fr.pc=0x000001bde14aef04 relative=0x0000000000000084
Event: 28.341 Thread 0x000001bdf5592070 Uncommon trap: reason=unstable_if action=reinterpret pc=0x000001bde14aef04 method=java.lang.CharacterDataLatin1.isWhitespace(I)Z @ 14 c2
Event: 28.341 Thread 0x000001bdf5592070 DEOPT PACKING pc=0x000001bde14aef04 sp=0x000000aac79fdcf0
Event: 28.341 Thread 0x000001bdf5592070 DEOPT UNPACKING pc=0x000001bdd99823a3 sp=0x000000aac79fdc60 mode 2
Event: 31.977 Thread 0x000001bdf1c80a30 DEOPT PACKING pc=0x000001bddb029bbc sp=0x000000aac53fed60
Event: 31.977 Thread 0x000001bdf1c80a30 DEOPT UNPACKING pc=0x000001bdd9982b43 sp=0x000000aac53fe2e0 mode 0

Classes unloaded (0 events):
No events

Classes redefined (0 events):
No events

Internal exceptions (20 events):
Event: 22.113 Thread 0x000001bdf5592070 Exception <a 'java/lang/NoSuchMethodError'{0x00000000878c6128}: static Lorg/jetbrains/kotlin/daemon/common/LoopbackNetworkInterface$AbstractClientLoopbackSocketFactory;.<clinit>()V> (0x00000000878c6128) 
thrown [t:\workspace\open\src\hotspot\share\prims\jni.cpp, line 1107]
Event: 22.115 Thread 0x000001bdf5592070 Exception <a 'java/lang/NoSuchMethodError'{0x00000000878d1e90}: static Lorg/jetbrains/kotlin/daemon/common/LoopbackNetworkInterface$ClientLoopbackSocketFactory;.<clinit>()V> (0x00000000878d1e90) 
thrown [t:\workspace\open\src\hotspot\share\prims\jni.cpp, line 1107]
Event: 22.133 Thread 0x000001bdf5592070 Exception <a 'java/lang/NoSuchMethodError'{0x000000008773d758}: static [Ljava/rmi/server/ObjID;.<clinit>()V> (0x000000008773d758) 
thrown [t:\workspace\open\src\hotspot\share\prims\jni.cpp, line 1107]
Event: 22.137 Thread 0x000001bdf5592070 Exception <a 'java/lang/NoSuchMethodError'{0x0000000087770aa0}: static [B.<clinit>()V> (0x0000000087770aa0) 
thrown [t:\workspace\open\src\hotspot\share\prims\jni.cpp, line 1107]
Event: 22.148 Thread 0x000001bdf558d370 Exception <a 'java/lang/InterruptedException'{0x00000000877801f8}> (0x00000000877801f8) 
thrown [t:\workspace\open\src\hotspot\share\runtime\objectMonitor.cpp, line 1661]
Event: 22.148 Thread 0x000001bdf558d370 Exception <a 'java/lang/NoSuchMethodError'{0x0000000087781658}: 'java.lang.Object java.lang.invoke.DirectMethodHandle$Holder.invokeSpecial(java.lang.Object, java.lang.Object, int, java.lang.Object, long)'> (0x0000000087781658) 
thrown [t:\workspace\open\src\hotspot\share\interpreter\linkResolver.cpp, line 766]
Event: 22.149 Thread 0x000001bdf558d370 Exception <a 'java/lang/NoSuchMethodError'{0x0000000087788be0}: 'java.lang.Object java.lang.invoke.DirectMethodHandle$Holder.newInvokeSpecial(java.lang.Object, java.lang.Object, int, java.lang.Object, long)'> (0x0000000087788be0) 
thrown [t:\workspace\open\src\hotspot\share\interpreter\linkResolver.cpp, line 766]
Event: 22.170 Thread 0x000001bdf5592070 Exception <a 'java/lang/NoSuchMethodError'{0x00000000877d3748}: static Lorg/jetbrains/kotlin/daemon/common/CompileService$CallResult;.<clinit>()V> (0x00000000877d3748) 
thrown [t:\workspace\open\src\hotspot\share\prims\jni.cpp, line 1107]
Event: 22.171 Thread 0x000001bdf5592070 Exception <a 'java/lang/NoSuchMethodError'{0x00000000877df688}: static Lorg/jetbrains/kotlin/daemon/common/CompileService$CallResult$Good;.<clinit>()V> (0x00000000877df688) 
thrown [t:\workspace\open\src\hotspot\share\prims\jni.cpp, line 1107]
Event: 22.172 Thread 0x000001bdf5592070 Exception <a 'java/lang/NoSuchMethodError'{0x00000000877ec9f8}: static Lorg/jetbrains/kotlin/daemon/common/DaemonJVMOptions;.<clinit>()V> (0x00000000877ec9f8) 
thrown [t:\workspace\open\src\hotspot\share\prims\jni.cpp, line 1107]
Event: 22.180 Thread 0x000001bdf5592070 Exception <a 'java/lang/NoSuchMethodError'{0x0000000087607038}: static Lorg/jetbrains/kotlin/daemon/common/CompileService$CallResult$Ok;.<clinit>()V> (0x0000000087607038) 
thrown [t:\workspace\open\src\hotspot\share\prims\jni.cpp, line 1107]
Event: 22.218 Thread 0x000001bdf5592070 Exception <a 'java/lang/NoSuchMethodError'{0x0000000087563b40}: static [Ljava/lang/Integer;.<clinit>()V> (0x0000000087563b40) 
thrown [t:\workspace\open\src\hotspot\share\prims\jni.cpp, line 1107]
Event: 28.301 Thread 0x000001bdf8b43130 Exception <a 'sun/net/ConnectionResetException'{0x000000008743e328}: Connection reset> (0x000000008743e328) 
thrown [t:\workspace\open\src\hotspot\share\prims\jni.cpp, line 535]
Event: 28.301 Thread 0x000001bdf5592070 Exception <a 'sun/net/ConnectionResetException'{0x0000000087401ae0}: Connection reset> (0x0000000087401ae0) 
thrown [t:\workspace\open\src\hotspot\share\prims\jni.cpp, line 535]
Event: 28.302 Thread 0x000001bdf5592070 Exception <a 'java/net/ConnectException'{0x0000000087404820}: Connection refused: connect> (0x0000000087404820) 
thrown [t:\workspace\open\src\hotspot\share\prims\jni.cpp, line 535]
Event: 28.302 Thread 0x000001bdf5592070 Exception <a 'java/net/SocketException'{0x0000000087404e00}: Socket is not connected: shutdown> (0x0000000087404e00) 
thrown [t:\workspace\open\src\hotspot\share\prims\jni.cpp, line 535]
Event: 28.315 Thread 0x000001bdf5592070 Exception <a 'java/net/ConnectException'{0x00000000874063d0}: Connection refused: connect> (0x00000000874063d0) 
thrown [t:\workspace\open\src\hotspot\share\prims\jni.cpp, line 535]
Event: 28.315 Thread 0x000001bdf5592070 Exception <a 'java/net/SocketException'{0x00000000874069b0}: Socket is not connected: shutdown> (0x00000000874069b0) 
thrown [t:\workspace\open\src\hotspot\share\prims\jni.cpp, line 535]
Event: 28.326 Thread 0x000001bdf5592070 Exception <a 'java/net/ConnectException'{0x0000000087407488}: Connection refused: connect> (0x0000000087407488) 
thrown [t:\workspace\open\src\hotspot\share\prims\jni.cpp, line 535]
Event: 28.326 Thread 0x000001bdf5592070 Exception <a 'java/net/SocketException'{0x0000000087407a68}: Socket is not connected: shutdown> (0x0000000087407a68) 
thrown [t:\workspace\open\src\hotspot\share\prims\jni.cpp, line 535]

VM Operations (20 events):
Event: 20.727 Executing VM operation: HandshakeAllThreads
Event: 20.728 Executing VM operation: HandshakeAllThreads done
Event: 20.823 Executing VM operation: ICBufferFull
Event: 20.823 Executing VM operation: ICBufferFull done
Event: 20.825 Executing VM operation: G1Concurrent
Event: 20.830 Executing VM operation: G1Concurrent done
Event: 20.901 Executing VM operation: G1Concurrent
Event: 20.901 Executing VM operation: G1Concurrent done
Event: 21.908 Executing VM operation: Cleanup
Event: 21.908 Executing VM operation: Cleanup done
Event: 22.921 Executing VM operation: Cleanup
Event: 22.921 Executing VM operation: Cleanup done
Event: 24.716 Executing VM operation: HandshakeAllThreads
Event: 24.716 Executing VM operation: HandshakeAllThreads done
Event: 27.717 Executing VM operation: Cleanup
Event: 27.717 Executing VM operation: Cleanup done
Event: 28.717 Executing VM operation: Cleanup
Event: 28.717 Executing VM operation: Cleanup done
Event: 29.717 Executing VM operation: Cleanup
Event: 29.717 Executing VM operation: Cleanup done

Events (20 events):
Event: 22.289 loading class sun/rmi/transport/DGCImpl$LeaseInfo done
Event: 22.289 loading class sun/rmi/transport/DGCImpl$1
Event: 22.289 loading class sun/rmi/transport/DGCImpl$1 done
Event: 22.289 loading class sun/rmi/transport/SequenceEntry
Event: 22.289 loading class sun/rmi/transport/SequenceEntry done
Event: 22.496 Thread 0x000001bdf0699ac0 Thread exited: 0x000001bdf0699ac0
Event: 28.301 loading class sun/net/ConnectionResetException
Event: 28.301 loading class sun/net/ConnectionResetException done
Event: 28.303 loading class sun/net/util/SocketExceptions
Event: 28.303 loading class sun/net/util/SocketExceptions done
Event: 28.327 Thread 0x000001bdf0699ac0 Thread added: 0x000001bdf0699ac0
Event: 28.328 loading class java/lang/Throwable$WrappedPrintWriter
Event: 28.328 loading class java/lang/Throwable$PrintStreamOrWriter
Event: 28.328 loading class java/lang/Throwable$PrintStreamOrWriter done
Event: 28.328 loading class java/lang/Throwable$WrappedPrintWriter done
Event: 28.328 loading class java/lang/StackTraceElement$HashedModules
Event: 28.328 loading class java/lang/StackTraceElement$HashedModules done
Event: 28.447 Thread 0x000001bdf8b43fa0 Thread added: 0x000001bdf8b43fa0
Event: 29.834 Thread 0x000001bdf0699ac0 Thread exited: 0x000001bdf0699ac0
Event: 32.035 Thread 0x000001bdf8b43fa0 Thread exited: 0x000001bdf8b43fa0


Dynamic libraries:
0x00007ff7f0bd0000 - 0x00007ff7f0bde000 	C:\Users\pedro\AppData\Local\jdk-17.0.2\bin\java.exe
0x00007fff7c270000 - 0x00007fff7c468000 	C:\WINDOWS\SYSTEM32\ntdll.dll
0x00007fff7b250000 - 0x00007fff7b30d000 	C:\WINDOWS\System32\KERNEL32.DLL
0x00007fff79ba0000 - 0x00007fff79e96000 	C:\WINDOWS\System32\KERNELBASE.dll
0x00007fff79a00000 - 0x00007fff79b00000 	C:\WINDOWS\System32\ucrtbase.dll
0x00007fff74780000 - 0x00007fff74798000 	C:\Users\pedro\AppData\Local\jdk-17.0.2\bin\jli.dll
0x00007fff67ac0000 - 0x00007fff67ada000 	C:\Users\pedro\AppData\Local\jdk-17.0.2\bin\VCRUNTIME140.dll
0x00007fff7a720000 - 0x00007fff7a8be000 	C:\WINDOWS\System32\USER32.dll
0x00007fff68870000 - 0x00007fff68b0a000 	C:\WINDOWS\WinSxS\amd64_microsoft.windows.common-controls_6595b64144ccf1df_6.0.19041.3636_none_60b6a03d71f818d5\COMCTL32.dll
0x00007fff79930000 - 0x00007fff79952000 	C:\WINDOWS\System32\win32u.dll
0x00007fff7b7b0000 - 0x00007fff7b84e000 	C:\WINDOWS\System32\msvcrt.dll
0x00007fff7a310000 - 0x00007fff7a33b000 	C:\WINDOWS\System32\GDI32.dll
0x00007fff79ea0000 - 0x00007fff79fb7000 	C:\WINDOWS\System32\gdi32full.dll
0x00007fff79960000 - 0x00007fff799fd000 	C:\WINDOWS\System32\msvcp_win.dll
0x00007fff7ad30000 - 0x00007fff7ad62000 	C:\WINDOWS\System32\IMM32.DLL
0x00007fff74950000 - 0x00007fff7495c000 	C:\Users\pedro\AppData\Local\jdk-17.0.2\bin\vcruntime140_1.dll
0x00007fff5b750000 - 0x00007fff5b7dd000 	C:\Users\pedro\AppData\Local\jdk-17.0.2\bin\msvcp140.dll
0x00007fff46640000 - 0x00007fff47201000 	C:\Users\pedro\AppData\Local\jdk-17.0.2\bin\server\jvm.dll
0x00007fff7af20000 - 0x00007fff7afd3000 	C:\WINDOWS\System32\ADVAPI32.dll
0x00007fff7b100000 - 0x00007fff7b19f000 	C:\WINDOWS\System32\sechost.dll
0x00007fff7ad70000 - 0x00007fff7ae96000 	C:\WINDOWS\System32\RPCRT4.dll
0x00007fff79b70000 - 0x00007fff79b97000 	C:\WINDOWS\System32\bcrypt.dll
0x00007fff7c220000 - 0x00007fff7c228000 	C:\WINDOWS\System32\PSAPI.DLL
0x00007fff72fd0000 - 0x00007fff72ff7000 	C:\WINDOWS\SYSTEM32\WINMM.dll
0x00007fff60ca0000 - 0x00007fff60ca9000 	C:\WINDOWS\SYSTEM32\WSOCK32.dll
0x00007fff71d00000 - 0x00007fff71d0a000 	C:\WINDOWS\SYSTEM32\VERSION.dll
0x00007fff7b850000 - 0x00007fff7b8bb000 	C:\WINDOWS\System32\WS2_32.dll
0x00007fff78170000 - 0x00007fff78182000 	C:\WINDOWS\SYSTEM32\kernel.appcore.dll
0x00007fff74800000 - 0x00007fff7480a000 	C:\Users\pedro\AppData\Local\jdk-17.0.2\bin\jimage.dll
0x00007fff766f0000 - 0x00007fff768d4000 	C:\WINDOWS\SYSTEM32\DBGHELP.DLL
0x00007fff5cfb0000 - 0x00007fff5cfe4000 	C:\WINDOWS\SYSTEM32\dbgcore.DLL
0x00007fff79fc0000 - 0x00007fff7a042000 	C:\WINDOWS\System32\bcryptPrimitives.dll
0x00007fff67a60000 - 0x00007fff67a6e000 	C:\Users\pedro\AppData\Local\jdk-17.0.2\bin\instrument.dll
0x00007fff5f660000 - 0x00007fff5f685000 	C:\Users\pedro\AppData\Local\jdk-17.0.2\bin\java.dll
0x00007fff5a470000 - 0x00007fff5a546000 	C:\Users\pedro\AppData\Local\jdk-17.0.2\bin\jsvml.dll
0x00007fff7bad0000 - 0x00007fff7c215000 	C:\WINDOWS\System32\SHELL32.dll
0x00007fff76fa0000 - 0x00007fff7773c000 	C:\WINDOWS\SYSTEM32\windows.storage.dll
0x00007fff7b450000 - 0x00007fff7b7a4000 	C:\WINDOWS\System32\combase.dll
0x00007fff79360000 - 0x00007fff7938e000 	C:\WINDOWS\SYSTEM32\Wldp.dll
0x00007fff7a650000 - 0x00007fff7a71d000 	C:\WINDOWS\System32\OLEAUT32.dll
0x00007fff7b1a0000 - 0x00007fff7b24d000 	C:\WINDOWS\System32\SHCORE.dll
0x00007fff7a2b0000 - 0x00007fff7a305000 	C:\WINDOWS\System32\shlwapi.dll
0x00007fff79860000 - 0x00007fff79885000 	C:\WINDOWS\SYSTEM32\profapi.dll
0x00007fff671b0000 - 0x00007fff671c8000 	C:\Users\pedro\AppData\Local\jdk-17.0.2\bin\zip.dll
0x00007fff67aa0000 - 0x00007fff67ab9000 	C:\Users\pedro\AppData\Local\jdk-17.0.2\bin\net.dll
0x00007fff6dc40000 - 0x00007fff6dd4a000 	C:\WINDOWS\SYSTEM32\WINHTTP.dll
0x00007fff790c0000 - 0x00007fff7912a000 	C:\WINDOWS\system32\mswsock.dll
0x00007fff677f0000 - 0x00007fff67806000 	C:\Users\pedro\AppData\Local\jdk-17.0.2\bin\nio.dll
0x00007fff671e0000 - 0x00007fff671f0000 	C:\Users\pedro\AppData\Local\jdk-17.0.2\bin\verify.dll
0x00007fff5ec00000 - 0x00007fff5ec27000 	C:\Users\pedro\.gradle\native\68d5fa5c4cc2d200863cafc0d521ce42e7d3e7ee720ec0a83991735586a16f82\windows-amd64\native-platform.dll
0x00007fff4fcd0000 - 0x00007fff4fe14000 	C:\Users\pedro\.gradle\native\e376f236ea51e6404a007f0833ffe2c6e607c4080706a723a18a27aeea778392\windows-amd64\native-platform-file-events.dll
0x00007fff67fe0000 - 0x00007fff67fe9000 	C:\Users\pedro\AppData\Local\jdk-17.0.2\bin\management.dll
0x00007fff67fc0000 - 0x00007fff67fcb000 	C:\Users\pedro\AppData\Local\jdk-17.0.2\bin\management_ext.dll
0x00007fff792b0000 - 0x00007fff792c8000 	C:\WINDOWS\SYSTEM32\CRYPTSP.dll
0x00007fff78980000 - 0x00007fff789b4000 	C:\WINDOWS\system32\rsaenh.dll
0x00007fff797e0000 - 0x00007fff7980e000 	C:\WINDOWS\SYSTEM32\USERENV.dll
0x00007fff792d0000 - 0x00007fff792dc000 	C:\WINDOWS\SYSTEM32\CRYPTBASE.dll
0x00007fff78d60000 - 0x00007fff78d9b000 	C:\WINDOWS\SYSTEM32\IPHLPAPI.DLL
0x00007fff7b9f0000 - 0x00007fff7b9f8000 	C:\WINDOWS\System32\NSI.dll
0x00007fff71920000 - 0x00007fff71937000 	C:\WINDOWS\SYSTEM32\dhcpcsvc6.DLL
0x00007fff71900000 - 0x00007fff7191d000 	C:\WINDOWS\SYSTEM32\dhcpcsvc.DLL
0x00007fff78db0000 - 0x00007fff78e7b000 	C:\WINDOWS\SYSTEM32\DNSAPI.dll
0x00007fff67fa0000 - 0x00007fff67fae000 	C:\Users\pedro\AppData\Local\jdk-17.0.2\bin\sunmscapi.dll
0x00007fff7a050000 - 0x00007fff7a1ad000 	C:\WINDOWS\System32\CRYPT32.dll
0x00007fff793d0000 - 0x00007fff793f8000 	C:\WINDOWS\SYSTEM32\ncrypt.dll
0x00007fff79390000 - 0x00007fff793cb000 	C:\WINDOWS\SYSTEM32\NTASN1.dll
0x00007fff67c90000 - 0x00007fff67c97000 	C:\WINDOWS\system32\wshunix.dll
0x00007fff08690000 - 0x00007fff086a7000 	C:\WINDOWS\system32\napinsp.dll
0x00007fff0f510000 - 0x00007fff0f52b000 	C:\WINDOWS\system32\pnrpnsp.dll
0x00007fff747e0000 - 0x00007fff747fd000 	C:\WINDOWS\system32\NLAapi.dll
0x00007fff13530000 - 0x00007fff13542000 	C:\WINDOWS\System32\winrnr.dll
0x00007fff73e40000 - 0x00007fff73e55000 	C:\WINDOWS\system32\wshbth.dll
0x00007fff69790000 - 0x00007fff6979a000 	C:\Windows\System32\rasadhlp.dll
0x00007fff68df0000 - 0x00007fff68e70000 	C:\WINDOWS\System32\fwpuclnt.dll
0x00007fff69d30000 - 0x00007fff69d4e000 	C:\Users\pedro\AppData\Local\Temp\native-platform12676430375607810176dir\native-platform.dll
0x00007fff69d20000 - 0x00007fff69d27000 	C:\Users\pedro\AppData\Local\jdk-17.0.2\bin\rmi.dll

dbghelp: loaded successfully - version: 4.0.5 - missing functions: none
symbol engine: initialized successfully - sym options: 0x614 - pdb path: .;C:\Users\pedro\AppData\Local\jdk-17.0.2\bin;C:\WINDOWS\SYSTEM32;C:\WINDOWS\WinSxS\amd64_microsoft.windows.common-controls_6595b64144ccf1df_6.0.19041.3636_none_60b6a03d71f818d5;C:\Users\pedro\AppData\Local\jdk-17.0.2\bin\server;C:\Users\pedro\.gradle\native\68d5fa5c4cc2d200863cafc0d521ce42e7d3e7ee720ec0a83991735586a16f82\windows-amd64;C:\Users\pedro\.gradle\native\e376f236ea51e6404a007f0833ffe2c6e607c4080706a723a18a27aeea778392\windows-amd64;C:\Users\pedro\AppData\Local\Temp\native-platform12676430375607810176dir

VM Arguments:
jvm_args: -XX:MaxMetaspaceSize=512m --add-opens=java.base/java.util=ALL-UNNAMED --add-opens=java.base/java.lang=ALL-UNNAMED --add-opens=java.base/java.lang.invoke=ALL-UNNAMED --add-opens=java.prefs/java.util.prefs=ALL-UNNAMED --add-opens=java.base/java.nio.charset=ALL-UNNAMED --add-opens=java.base/java.net=ALL-UNNAMED --add-opens=java.base/java.util.concurrent.atomic=ALL-UNNAMED -Xmx2048m -Dfile.encoding=windows-1252 -Duser.country=BR -Duser.language=pt -Duser.variant -javaagent:C:\Users\pedro\.gradle\wrapper\dists\gradle-8.3-all\6en3ugtfdg5xnpx44z4qbwgas\gradle-8.3\lib\agents\gradle-instrumentation-agent-8.3.jar 
java_command: org.gradle.launcher.daemon.bootstrap.GradleDaemon 8.3
java_class_path (initial): C:\Users\pedro\.gradle\wrapper\dists\gradle-8.3-all\6en3ugtfdg5xnpx44z4qbwgas\gradle-8.3\lib\gradle-launcher-8.3.jar
Launcher Type: SUN_STANDARD

[Global flags]
     intx CICompilerCount                          = 3                                         {product} {ergonomic}
   size_t CompressedClassSpaceSize                 = 432013312                                 {product} {ergonomic}
     uint ConcGCThreads                            = 1                                         {product} {ergonomic}
     uint G1ConcRefinementThreads                  = 4                                         {product} {ergonomic}
   size_t G1HeapRegionSize                         = 1048576                                   {product} {ergonomic}
    uintx GCDrainStackTargetSize                   = 64                                        {product} {ergonomic}
   size_t InitialHeapSize                          = 130023424                                 {product} {ergonomic}
   size_t MarkStackSize                            = 4194304                                   {product} {ergonomic}
   size_t MaxHeapSize                              = 2147483648                                {product} {command line}
   size_t MaxMetaspaceSize                         = 536870912                                 {product} {command line}
   size_t MaxNewSize                               = 1287651328                                {product} {ergonomic}
   size_t MinHeapDeltaBytes                        = 1048576                                   {product} {ergonomic}
   size_t MinHeapSize                              = 8388608                                   {product} {ergonomic}
    uintx NonNMethodCodeHeapSize                   = 5832780                                {pd product} {ergonomic}
    uintx NonProfiledCodeHeapSize                  = 122912730                              {pd product} {ergonomic}
    uintx ProfiledCodeHeapSize                     = 122912730                              {pd product} {ergonomic}
    uintx ReservedCodeCacheSize                    = 251658240                              {pd product} {ergonomic}
     bool SegmentedCodeCache                       = true                                      {product} {ergonomic}
   size_t SoftMaxHeapSize                          = 2147483648                             {manageable} {ergonomic}
     bool UseCompressedClassPointers               = true                           {product lp64_product} {ergonomic}
     bool UseCompressedOops                        = true                           {product lp64_product} {ergonomic}
     bool UseG1GC                                  = true                                      {product} {ergonomic}
     bool UseLargePagesIndividualAllocation        = false                                  {pd product} {ergonomic}

Logging:
Log output configuration:
 #0: stdout all=warning uptime,level,tags
 #1: stderr all=off uptime,level,tags

Environment Variables:
JAVA_HOME=C:\Users\pedro\AppData\Local\jdk-17.0.2
CLASSPATH=C:\Users\pedro\programacao\react\AwesomeProject\android\\gradle\wrapper\gradle-wrapper.jar
PATH=C:\Users\pedro\programacao\react\AwesomeProject\node_modules\.bin;C:\Users\pedro\programacao\react\AwesomeProject\node_modules\.bin;C:\Users\pedro\programacao\react\node_modules\.bin;C:\Users\pedro\programacao\node_modules\.bin;C:\Users\pedro\node_modules\.bin;C:\Users\node_modules\.bin;C:\node_modules\.bin;C:\Program Files\nodejs\node_modules\npm\node_modules\@npmcli\run-script\lib\node-gyp-bin;C:\Users\pedro\programacao\react\AwesomeProject\node_modules\.bin;C:\Users\pedro\programacao\react\node_modules\.bin;C:\Users\pedro\programacao\node_modules\.bin;C:\Users\pedro\node_modules\.bin;C:\Users\node_modules\.bin;C:\node_modules\.bin;C:\Program Files\nodejs\node_modules\npm\node_modules\@npmcli\run-script\lib\node-gyp-bin;C:\Program Files\Common Files\Oracle\Java\javapath;C:\Python312\Scripts\;C:\Python312\;C:\WINDOWS\system32;C:\WINDOWS;C:\WINDOWS\System32\Wbem;C:\WINDOWS\System32\WindowsPowerShell\v1.0\;C:\WINDOWS\System32\OpenSSH\;C:\Program Files\Git\cmd;C:\Program Files\nodejs\;C:\ProgramData\chocolatey\bin;C:\Users\pedro\AppData\Local\Android\Sdk\platform-tools;C:\Users\pedro\AppData\Local\Android\Sdk\tools;C:\Users\pedro\AppData\Local\jdk-11.0.2\bin;C:\Users\pedro\AppData\Local\Microsoft\WindowsApps;;C:\Users\pedro\AppData\Local\Programs\Microsoft VS Code\bin;C:\Users\pedro\AppData\Roaming\npm
USERNAME=pedro
OS=Windows_NT
PROCESSOR_IDENTIFIER=Intel64 Family 6 Model 61 Stepping 4, GenuineIntel



---------------  S Y S T E M  ---------------

OS:
 Windows 10 , 64 bit Build 19041 (10.0.19041.3636)
OS uptime: 14 days 19:00 hours

CPU: total 4 (initial active 4) (2 cores per cpu, 2 threads per core) family 6 model 61 stepping 4 microcode 0x2d, cx8, cmov, fxsr, ht, mmx, 3dnowpref, sse, sse2, sse3, ssse3, sse4.1, sse4.2, popcnt, lzcnt, tsc, tscinvbit, avx, avx2, aes, erms, clmul, bmi1, bmi2, rtm, adx, fma, vzeroupper, clflush

Memory: 4k page, system-wide physical 7884M (820M free)
TotalPageFile size 32460M (AvailPageFile size 361M)
current process WorkingSet (physical memory assigned to process): 335M, peak: 360M
current process commit charge ("private bytes"): 362M, peak: 387M

vm_info: OpenJDK 64-Bit Server VM (17.0.2+8-86) for windows-amd64 JRE (17.0.2+8-86), built on Dec  7 2021 21:49:10 by "mach5one" with MS VC++ 16.8 / 16.9 (VS2019)

END.
