#
# There is insufficient memory for the Java Runtime Environment to continue.
# Native memory allocation (malloc) failed to allocate 365136 bytes for Chunk::new
# Possible reasons:
#   The system is out of physical RAM or swap space
#   The process is running with CompressedOops enabled, and the Java Heap may be blocking the growth of the native heap
# Possible solutions:
#   Reduce memory load on the system
#   Increase physical memory or swap space
#   Check if swap backing store is full
#   Decrease Java heap size (-Xmx/-Xms)
#   Decrease number of Java threads
#   Decrease Java thread stack sizes (-Xss)
#   Set larger code cache with -XX:ReservedCodeCacheSize=
#   JVM is running with Unscaled Compressed Oops mode in which the Java heap is
#     placed in the first 4GB address space. The Java Heap base address is the
#     maximum limit for the native heap growth. Please use -XX:HeapBaseMinAddress
#     to set the Java Heap base and to place the Java Heap above 4GB virtual address.
# This output file may be truncated or incomplete.
#
#  Out of Memory Error (arena.cpp:189), pid=18772, tid=13204
#
# JRE version: OpenJDK Runtime Environment (17.0.2+8) (build 17.0.2+8-86)
# Java VM: OpenJDK 64-Bit Server VM (17.0.2+8-86, mixed mode, sharing, tiered, compressed oops, compressed class ptrs, g1 gc, windows-amd64)
# No core dump will be written. Minidumps are not enabled by default on client versions of Windows
#

---------------  S U M M A R Y ------------

Command Line: org.jetbrains.kotlin.cli.jvm.K2JVMCompiler @C:\Users\pedro\programacao\react\AwesomeProject\node_modules\@react-native\gradle-plugin\build\20240312_11018501779538998309.compiler.options

Host: Intel(R) Core(TM) i5-5300U CPU @ 2.30GHz, 4 cores, 7G,  Windows 10 , 64 bit Build 19041 (10.0.19041.3636)
Time: Tue Mar 12 14:42:31 2024 Hora oficial do Brasil elapsed time: 3.435976 seconds (0d 0h 0m 3s)

---------------  T H R E A D  ---------------

Current thread (0x000001537f62cba0):  JavaThread "C2 CompilerThread0" daemon [_thread_in_native, id=13204, stack(0x00000051b1b00000,0x00000051b1c00000)]


Current CompileTask:
C2:   3436 2803       4       org.jetbrains.kotlin.parsing.SemanticWhitespaceAwarePsiBuilderImpl::getTokenType (22 bytes)

Stack: [0x00000051b1b00000,0x00000051b1c00000]
Native frames: (J=compiled Java code, j=interpreted, Vv=VM code, C=native code)
V  [jvm.dll+0x670baa]
V  [jvm.dll+0x7cfcb4]
V  [jvm.dll+0x7d145e]
V  [jvm.dll+0x7d1ac3]
V  [jvm.dll+0x242bc5]
V  [jvm.dll+0xaa57b]
V  [jvm.dll+0xaab0c]
V  [jvm.dll+0x55b253]
V  [jvm.dll+0x32a360]
V  [jvm.dll+0x3297da]
V  [jvm.dll+0x215c91]
V  [jvm.dll+0x2150b1]
V  [jvm.dll+0x1a1bbd]
V  [jvm.dll+0x224908]
V  [jvm.dll+0x222a6c]
V  [jvm.dll+0x7859bb]
V  [jvm.dll+0x77ff7a]
V  [jvm.dll+0x66fa35]
C  [ucrtbase.dll+0x21bb2]
C  [KERNEL32.DLL+0x17344]
C  [ntdll.dll+0x526b1]


---------------  P R O C E S S  ---------------

Threads class SMR info:
_java_thread_list=0x00000153158a1860, length=13, elements={
0x0000015376db97a0, 0x000001537f611fe0, 0x000001537f614c60, 0x000001537f62a100,
0x000001537f62aab0, 0x000001537f62b460, 0x000001537f62be10, 0x000001537f62cba0,
0x000001537f62d640, 0x000001537f62e030, 0x000001531589ee90, 0x00000153158a47d0,
0x00000153158cc880
}

Java Threads: ( => current thread )
  0x0000015376db97a0 JavaThread "main" [_thread_in_vm, id=5704, stack(0x00000051b0e00000,0x00000051b0f00000)]
  0x000001537f611fe0 JavaThread "Reference Handler" daemon [_thread_blocked, id=14548, stack(0x00000051b1500000,0x00000051b1600000)]
  0x000001537f614c60 JavaThread "Finalizer" daemon [_thread_blocked, id=18840, stack(0x00000051b1600000,0x00000051b1700000)]
  0x000001537f62a100 JavaThread "Signal Dispatcher" daemon [_thread_blocked, id=8120, stack(0x00000051b1700000,0x00000051b1800000)]
  0x000001537f62aab0 JavaThread "Attach Listener" daemon [_thread_blocked, id=8808, stack(0x00000051b1800000,0x00000051b1900000)]
  0x000001537f62b460 JavaThread "Service Thread" daemon [_thread_blocked, id=6164, stack(0x00000051b1900000,0x00000051b1a00000)]
  0x000001537f62be10 JavaThread "Monitor Deflation Thread" daemon [_thread_blocked, id=9476, stack(0x00000051b1a00000,0x00000051b1b00000)]
=>0x000001537f62cba0 JavaThread "C2 CompilerThread0" daemon [_thread_in_native, id=13204, stack(0x00000051b1b00000,0x00000051b1c00000)]
  0x000001537f62d640 JavaThread "C1 CompilerThread0" daemon [_thread_blocked, id=7756, stack(0x00000051b1c00000,0x00000051b1d00000)]
  0x000001537f62e030 JavaThread "Sweeper thread" daemon [_thread_blocked, id=23132, stack(0x00000051b1d00000,0x00000051b1e00000)]
  0x000001531589ee90 JavaThread "Notification Thread" daemon [_thread_blocked, id=12956, stack(0x00000051b1e00000,0x00000051b1f00000)]
  0x00000153158a47d0 JavaThread "Common-Cleaner" daemon [_thread_blocked, id=11872, stack(0x00000051b2000000,0x00000051b2100000)]
  0x00000153158cc880 JavaThread "C2 CompilerThread1" daemon [_thread_in_native, id=8460, stack(0x00000051b2100000,0x00000051b2200000)]

Other Threads:
  0x000001537f60cb20 VMThread "VM Thread" [stack: 0x00000051b1400000,0x00000051b1500000] [id=21680]
  0x000001531589f360 WatcherThread [stack: 0x00000051b1f00000,0x00000051b2000000] [id=11800]
  0x0000015376df6780 GCTaskThread "GC Thread#0" [stack: 0x00000051b0f00000,0x00000051b1000000] [id=21196]
  0x0000015315b49040 GCTaskThread "GC Thread#1" [stack: 0x00000051b2200000,0x00000051b2300000] [id=7516]
  0x0000015315b4dd10 GCTaskThread "GC Thread#2" [stack: 0x00000051b2300000,0x00000051b2400000] [id=19656]
  0x0000015315c1b850 GCTaskThread "GC Thread#3" [stack: 0x00000051b2400000,0x00000051b2500000] [id=14364]
  0x0000015376e06d40 ConcurrentGCThread "G1 Main Marker" [stack: 0x00000051b1000000,0x00000051b1100000] [id=14396]
  0x0000015376e08f00 ConcurrentGCThread "G1 Conc#0" [stack: 0x00000051b1100000,0x00000051b1200000] [id=2616]
  0x0000015376e6f480 ConcurrentGCThread "G1 Refine#0" [stack: 0x00000051b1200000,0x00000051b1300000] [id=14852]
  0x0000015317353730 ConcurrentGCThread "G1 Refine#1" [stack: 0x00000051b2500000,0x00000051b2600000] [id=9248]
  0x0000015376e6fea0 ConcurrentGCThread "G1 Service" [stack: 0x00000051b1300000,0x00000051b1400000] [id=23300]

Threads with active compile tasks:
C2 CompilerThread0     3466 2803       4       org.jetbrains.kotlin.parsing.SemanticWhitespaceAwarePsiBuilderImpl::getTokenType (22 bytes)
C2 CompilerThread1     3466 2785       4       org.jetbrains.kotlin.parsing.AbstractKotlinParsing::tt (10 bytes)

VM state: not at safepoint (normal execution)

VM Mutex/Monitor currently owned by a thread: None

Heap address: 0x0000000084c00000, size: 1972 MB, Compressed Oops mode: 32-bit

CDS archive(s) mapped at: [0x0000000800000000-0x0000000800bc0000-0x0000000800bc0000), size 12320768, SharedBaseAddress: 0x0000000800000000, ArchiveRelocationMode: 0.
Compressed class space mapped at: 0x0000000800c00000-0x0000000840c00000, reserved size: 1073741824
Narrow klass base: 0x0000000800000000, Narrow klass shift: 0, Narrow klass range: 0x100000000

GC Precious Log:
 CPUs: 4 total, 4 available
 Memory: 7884M
 Large Page Support: Disabled
 NUMA Support: Disabled
 Compressed Oops: Enabled (32-bit)
 Heap Region Size: 1M
 Heap Min Capacity: 8M
 Heap Initial Capacity: 124M
 Heap Max Capacity: 1972M
 Pre-touch: Disabled
 Parallel Workers: 4
 Concurrent Workers: 1
 Concurrent Refinement Workers: 4
 Periodic GC: Disabled

Heap:
 garbage-first heap   total 189440K, used 52352K [0x0000000084c00000, 0x0000000100000000)
  region size 1024K, 23 young (23552K), 3 survivors (3072K)
 Metaspace       used 27706K, committed 27968K, reserved 1081344K
  class space    used 3649K, committed 3776K, reserved 1048576K

Heap Regions: E=young(eden), S=young(survivor), O=old, HS=humongous(starts), HC=humongous(continues), CS=collection set, F=free, OA=open archive, CA=closed archive, TAMS=top-at-mark-start (previous, next)
|   0|0x0000000084c00000, 0x0000000084d00000, 0x0000000084d00000|100%|HS|  |TAMS 0x0000000084d00000, 0x0000000084d00000| Complete 
|   1|0x0000000084d00000, 0x0000000084e00000, 0x0000000084e00000|100%|HC|  |TAMS 0x0000000084e00000, 0x0000000084e00000| Complete 
|   2|0x0000000084e00000, 0x0000000084f00000, 0x0000000084f00000|100%|HC|  |TAMS 0x0000000084f00000, 0x0000000084f00000| Complete 
|   3|0x0000000084f00000, 0x0000000085000000, 0x0000000085000000|100%|HC|  |TAMS 0x0000000085000000, 0x0000000085000000| Complete 
|   4|0x0000000085000000, 0x0000000085100000, 0x0000000085100000|100%| O|  |TAMS 0x0000000085100000, 0x0000000085100000| Untracked 
|   5|0x0000000085100000, 0x0000000085200000, 0x0000000085200000|100%| O|  |TAMS 0x0000000085200000, 0x0000000085200000| Untracked 
|   6|0x0000000085200000, 0x0000000085200000, 0x0000000085300000|  0%| F|  |TAMS 0x0000000085200000, 0x0000000085200000| Untracked 
|   7|0x0000000085300000, 0x0000000085400000, 0x0000000085400000|100%|HS|  |TAMS 0x0000000085400000, 0x0000000085400000| Complete 
|   8|0x0000000085400000, 0x0000000085500000, 0x0000000085500000|100%|HC|  |TAMS 0x0000000085500000, 0x0000000085500000| Complete 
|   9|0x0000000085500000, 0x0000000085600000, 0x0000000085600000|100%|HC|  |TAMS 0x0000000085600000, 0x0000000085600000| Complete 
|  10|0x0000000085600000, 0x0000000085700000, 0x0000000085700000|100%|HC|  |TAMS 0x0000000085700000, 0x0000000085700000| Complete 
|  11|0x0000000085700000, 0x0000000085700000, 0x0000000085800000|  0%| F|  |TAMS 0x0000000085700000, 0x0000000085700000| Untracked 
|  12|0x0000000085800000, 0x0000000085800000, 0x0000000085900000|  0%| F|  |TAMS 0x0000000085800000, 0x0000000085800000| Untracked 
|  13|0x0000000085900000, 0x0000000085900000, 0x0000000085a00000|  0%| F|  |TAMS 0x0000000085900000, 0x0000000085900000| Untracked 
|  14|0x0000000085a00000, 0x0000000085b00000, 0x0000000085b00000|100%| O|  |TAMS 0x0000000085a00000, 0x0000000085a00000| Untracked 
|  15|0x0000000085b00000, 0x0000000085c00000, 0x0000000085c00000|100%| O|  |TAMS 0x0000000085b00000, 0x0000000085b00000| Untracked 
|  16|0x0000000085c00000, 0x0000000085d00000, 0x0000000085d00000|100%| O|  |TAMS 0x0000000085c00000, 0x0000000085c00000| Untracked 
|  17|0x0000000085d00000, 0x0000000085d20200, 0x0000000085e00000| 12%| O|  |TAMS 0x0000000085d00000, 0x0000000085d00000| Untracked 
|  18|0x0000000085e00000, 0x0000000085f00000, 0x0000000085f00000|100%| O|  |TAMS 0x0000000085e00000, 0x0000000085f00000| Untracked 
|  19|0x0000000085f00000, 0x0000000086000000, 0x0000000086000000|100%| O|  |TAMS 0x0000000085f00000, 0x0000000086000000| Untracked 
|  20|0x0000000086000000, 0x0000000086100000, 0x0000000086100000|100%| O|  |TAMS 0x0000000086000000, 0x0000000086100000| Untracked 
|  21|0x0000000086100000, 0x0000000086200000, 0x0000000086200000|100%| O|  |TAMS 0x0000000086100000, 0x0000000086200000| Untracked 
|  22|0x0000000086200000, 0x0000000086200000, 0x0000000086300000|  0%| F|  |TAMS 0x0000000086200000, 0x0000000086200000| Untracked 
|  23|0x0000000086300000, 0x0000000086300000, 0x0000000086400000|  0%| F|  |TAMS 0x0000000086300000, 0x0000000086300000| Untracked 
|  24|0x0000000086400000, 0x0000000086400000, 0x0000000086500000|  0%| F|  |TAMS 0x0000000086400000, 0x0000000086400000| Untracked 
|  25|0x0000000086500000, 0x0000000086500000, 0x0000000086600000|  0%| F|  |TAMS 0x0000000086500000, 0x0000000086500000| Untracked 
|  26|0x0000000086600000, 0x0000000086700000, 0x0000000086700000|100%| O|  |TAMS 0x0000000086600000, 0x0000000086700000| Untracked 
|  27|0x0000000086700000, 0x0000000086800000, 0x0000000086800000|100%| O|  |TAMS 0x0000000086700000, 0x0000000086800000| Untracked 
|  28|0x0000000086800000, 0x0000000086900000, 0x0000000086900000|100%| O|  |TAMS 0x0000000086800000, 0x0000000086900000| Untracked 
|  29|0x0000000086900000, 0x0000000086a00000, 0x0000000086a00000|100%| O|  |TAMS 0x0000000086900000, 0x0000000086a00000| Untracked 
|  30|0x0000000086a00000, 0x0000000086b00000, 0x0000000086b00000|100%| O|  |TAMS 0x0000000086a00000, 0x0000000086b00000| Untracked 
|  31|0x0000000086b00000, 0x0000000086c00000, 0x0000000086c00000|100%| O|  |TAMS 0x0000000086b00000, 0x0000000086b80000| Untracked 
|  32|0x0000000086c00000, 0x0000000086c00000, 0x0000000086d00000|  0%| F|  |TAMS 0x0000000086c00000, 0x0000000086c00000| Untracked 
|  33|0x0000000086d00000, 0x0000000086d00000, 0x0000000086e00000|  0%| F|  |TAMS 0x0000000086d00000, 0x0000000086d00000| Untracked 
|  34|0x0000000086e00000, 0x0000000086e00000, 0x0000000086f00000|  0%| F|  |TAMS 0x0000000086e00000, 0x0000000086e00000| Untracked 
|  35|0x0000000086f00000, 0x0000000086f00000, 0x0000000087000000|  0%| F|  |TAMS 0x0000000086f00000, 0x0000000086f00000| Untracked 
|  36|0x0000000087000000, 0x0000000087000000, 0x0000000087100000|  0%| F|  |TAMS 0x0000000087000000, 0x0000000087000000| Untracked 
|  37|0x0000000087100000, 0x0000000087100000, 0x0000000087200000|  0%| F|  |TAMS 0x0000000087100000, 0x0000000087100000| Untracked 
|  38|0x0000000087200000, 0x0000000087200000, 0x0000000087300000|  0%| F|  |TAMS 0x0000000087200000, 0x0000000087200000| Untracked 
|  39|0x0000000087300000, 0x0000000087300000, 0x0000000087400000|  0%| F|  |TAMS 0x0000000087300000, 0x0000000087300000| Untracked 
|  40|0x0000000087400000, 0x0000000087400000, 0x0000000087500000|  0%| F|  |TAMS 0x0000000087400000, 0x0000000087400000| Untracked 
|  41|0x0000000087500000, 0x0000000087600000, 0x0000000087600000|100%| S|CS|TAMS 0x0000000087500000, 0x0000000087500000| Complete 
|  42|0x0000000087600000, 0x0000000087700000, 0x0000000087700000|100%| S|CS|TAMS 0x0000000087600000, 0x0000000087600000| Complete 
|  43|0x0000000087700000, 0x0000000087800000, 0x0000000087800000|100%| S|CS|TAMS 0x0000000087700000, 0x0000000087700000| Complete 
|  44|0x0000000087800000, 0x0000000087800000, 0x0000000087900000|  0%| F|  |TAMS 0x0000000087800000, 0x0000000087800000| Untracked 
|  45|0x0000000087900000, 0x0000000087900000, 0x0000000087a00000|  0%| F|  |TAMS 0x0000000087900000, 0x0000000087900000| Untracked 
|  46|0x0000000087a00000, 0x0000000087a00000, 0x0000000087b00000|  0%| F|  |TAMS 0x0000000087a00000, 0x0000000087a00000| Untracked 
|  47|0x0000000087b00000, 0x0000000087b00000, 0x0000000087c00000|  0%| F|  |TAMS 0x0000000087b00000, 0x0000000087b00000| Untracked 
|  48|0x0000000087c00000, 0x0000000087c00000, 0x0000000087d00000|  0%| F|  |TAMS 0x0000000087c00000, 0x0000000087c00000| Untracked 
|  49|0x0000000087d00000, 0x0000000087d00000, 0x0000000087e00000|  0%| F|  |TAMS 0x0000000087d00000, 0x0000000087d00000| Untracked 
|  50|0x0000000087e00000, 0x0000000087e00000, 0x0000000087f00000|  0%| F|  |TAMS 0x0000000087e00000, 0x0000000087e00000| Untracked 
|  51|0x0000000087f00000, 0x0000000087f00000, 0x0000000088000000|  0%| F|  |TAMS 0x0000000087f00000, 0x0000000087f00000| Untracked 
|  52|0x0000000088000000, 0x0000000088000000, 0x0000000088100000|  0%| F|  |TAMS 0x0000000088000000, 0x0000000088000000| Untracked 
|  53|0x0000000088100000, 0x0000000088100000, 0x0000000088200000|  0%| F|  |TAMS 0x0000000088100000, 0x0000000088100000| Untracked 
|  54|0x0000000088200000, 0x0000000088200000, 0x0000000088300000|  0%| F|  |TAMS 0x0000000088200000, 0x0000000088200000| Untracked 
|  55|0x0000000088300000, 0x0000000088300000, 0x0000000088400000|  0%| F|  |TAMS 0x0000000088300000, 0x0000000088300000| Untracked 
|  56|0x0000000088400000, 0x0000000088400000, 0x0000000088500000|  0%| F|  |TAMS 0x0000000088400000, 0x0000000088400000| Untracked 
|  57|0x0000000088500000, 0x0000000088500000, 0x0000000088600000|  0%| F|  |TAMS 0x0000000088500000, 0x0000000088500000| Untracked 
|  58|0x0000000088600000, 0x0000000088600000, 0x0000000088700000|  0%| F|  |TAMS 0x0000000088600000, 0x0000000088600000| Untracked 
|  59|0x0000000088700000, 0x0000000088700000, 0x0000000088800000|  0%| F|  |TAMS 0x0000000088700000, 0x0000000088700000| Untracked 
|  60|0x0000000088800000, 0x0000000088800000, 0x0000000088900000|  0%| F|  |TAMS 0x0000000088800000, 0x0000000088800000| Untracked 
|  61|0x0000000088900000, 0x0000000088900000, 0x0000000088a00000|  0%| F|  |TAMS 0x0000000088900000, 0x0000000088900000| Untracked 
|  62|0x0000000088a00000, 0x0000000088a00000, 0x0000000088b00000|  0%| F|  |TAMS 0x0000000088a00000, 0x0000000088a00000| Untracked 
|  63|0x0000000088b00000, 0x0000000088b00000, 0x0000000088c00000|  0%| F|  |TAMS 0x0000000088b00000, 0x0000000088b00000| Untracked 
|  64|0x0000000088c00000, 0x0000000088c00000, 0x0000000088d00000|  0%| F|  |TAMS 0x0000000088c00000, 0x0000000088c00000| Untracked 
|  65|0x0000000088d00000, 0x0000000088d00000, 0x0000000088e00000|  0%| F|  |TAMS 0x0000000088d00000, 0x0000000088d00000| Untracked 
|  66|0x0000000088e00000, 0x0000000088e00000, 0x0000000088f00000|  0%| F|  |TAMS 0x0000000088e00000, 0x0000000088e00000| Untracked 
|  67|0x0000000088f00000, 0x0000000088f00000, 0x0000000089000000|  0%| F|  |TAMS 0x0000000088f00000, 0x0000000088f00000| Untracked 
|  68|0x0000000089000000, 0x0000000089000000, 0x0000000089100000|  0%| F|  |TAMS 0x0000000089000000, 0x0000000089000000| Untracked 
|  69|0x0000000089100000, 0x0000000089100000, 0x0000000089200000|  0%| F|  |TAMS 0x0000000089100000, 0x0000000089100000| Untracked 
|  70|0x0000000089200000, 0x0000000089200000, 0x0000000089300000|  0%| F|  |TAMS 0x0000000089200000, 0x0000000089200000| Untracked 
|  71|0x0000000089300000, 0x0000000089300000, 0x0000000089400000|  0%| F|  |TAMS 0x0000000089300000, 0x0000000089300000| Untracked 
|  72|0x0000000089400000, 0x0000000089400000, 0x0000000089500000|  0%| F|  |TAMS 0x0000000089400000, 0x0000000089400000| Untracked 
|  73|0x0000000089500000, 0x0000000089500000, 0x0000000089600000|  0%| F|  |TAMS 0x0000000089500000, 0x0000000089500000| Untracked 
|  74|0x0000000089600000, 0x0000000089600000, 0x0000000089700000|  0%| F|  |TAMS 0x0000000089600000, 0x0000000089600000| Untracked 
|  75|0x0000000089700000, 0x0000000089700000, 0x0000000089800000|  0%| F|  |TAMS 0x0000000089700000, 0x0000000089700000| Untracked 
|  76|0x0000000089800000, 0x0000000089800000, 0x0000000089900000|  0%| F|  |TAMS 0x0000000089800000, 0x0000000089800000| Untracked 
|  77|0x0000000089900000, 0x0000000089900000, 0x0000000089a00000|  0%| F|  |TAMS 0x0000000089900000, 0x0000000089900000| Untracked 
|  78|0x0000000089a00000, 0x0000000089a00000, 0x0000000089b00000|  0%| F|  |TAMS 0x0000000089a00000, 0x0000000089a00000| Untracked 
|  79|0x0000000089b00000, 0x0000000089b00000, 0x0000000089c00000|  0%| F|  |TAMS 0x0000000089b00000, 0x0000000089b00000| Untracked 
|  80|0x0000000089c00000, 0x0000000089c00000, 0x0000000089d00000|  0%| F|  |TAMS 0x0000000089c00000, 0x0000000089c00000| Untracked 
|  81|0x0000000089d00000, 0x0000000089d00000, 0x0000000089e00000|  0%| F|  |TAMS 0x0000000089d00000, 0x0000000089d00000| Untracked 
|  82|0x0000000089e00000, 0x0000000089e00000, 0x0000000089f00000|  0%| F|  |TAMS 0x0000000089e00000, 0x0000000089e00000| Untracked 
|  83|0x0000000089f00000, 0x0000000089f00000, 0x000000008a000000|  0%| F|  |TAMS 0x0000000089f00000, 0x0000000089f00000| Untracked 
|  84|0x000000008a000000, 0x000000008a000000, 0x000000008a100000|  0%| F|  |TAMS 0x000000008a000000, 0x000000008a000000| Untracked 
|  85|0x000000008a100000, 0x000000008a100000, 0x000000008a200000|  0%| F|  |TAMS 0x000000008a100000, 0x000000008a100000| Untracked 
|  86|0x000000008a200000, 0x000000008a200000, 0x000000008a300000|  0%| F|  |TAMS 0x000000008a200000, 0x000000008a200000| Untracked 
|  87|0x000000008a300000, 0x000000008a300000, 0x000000008a400000|  0%| F|  |TAMS 0x000000008a300000, 0x000000008a300000| Untracked 
|  88|0x000000008a400000, 0x000000008a400000, 0x000000008a500000|  0%| F|  |TAMS 0x000000008a400000, 0x000000008a400000| Untracked 
|  89|0x000000008a500000, 0x000000008a500000, 0x000000008a600000|  0%| F|  |TAMS 0x000000008a500000, 0x000000008a500000| Untracked 
|  90|0x000000008a600000, 0x000000008a600000, 0x000000008a700000|  0%| F|  |TAMS 0x000000008a600000, 0x000000008a600000| Untracked 
|  91|0x000000008a700000, 0x000000008a700000, 0x000000008a800000|  0%| F|  |TAMS 0x000000008a700000, 0x000000008a700000| Untracked 
|  92|0x000000008a800000, 0x000000008a800000, 0x000000008a900000|  0%| F|  |TAMS 0x000000008a800000, 0x000000008a800000| Untracked 
|  93|0x000000008a900000, 0x000000008a900000, 0x000000008aa00000|  0%| F|  |TAMS 0x000000008a900000, 0x000000008a900000| Untracked 
|  94|0x000000008aa00000, 0x000000008aa00000, 0x000000008ab00000|  0%| F|  |TAMS 0x000000008aa00000, 0x000000008aa00000| Untracked 
|  95|0x000000008ab00000, 0x000000008ab00000, 0x000000008ac00000|  0%| F|  |TAMS 0x000000008ab00000, 0x000000008ab00000| Untracked 
|  96|0x000000008ac00000, 0x000000008ac00000, 0x000000008ad00000|  0%| F|  |TAMS 0x000000008ac00000, 0x000000008ac00000| Untracked 
|  97|0x000000008ad00000, 0x000000008ad00000, 0x000000008ae00000|  0%| F|  |TAMS 0x000000008ad00000, 0x000000008ad00000| Untracked 
|  98|0x000000008ae00000, 0x000000008ae00000, 0x000000008af00000|  0%| F|  |TAMS 0x000000008ae00000, 0x000000008ae00000| Untracked 
|  99|0x000000008af00000, 0x000000008af00000, 0x000000008b000000|  0%| F|  |TAMS 0x000000008af00000, 0x000000008af00000| Untracked 
| 100|0x000000008b000000, 0x000000008b000000, 0x000000008b100000|  0%| F|  |TAMS 0x000000008b000000, 0x000000008b000000| Untracked 
| 101|0x000000008b100000, 0x000000008b100000, 0x000000008b200000|  0%| F|  |TAMS 0x000000008b100000, 0x000000008b100000| Untracked 
| 102|0x000000008b200000, 0x000000008b200000, 0x000000008b300000|  0%| F|  |TAMS 0x000000008b200000, 0x000000008b200000| Untracked 
| 103|0x000000008b300000, 0x000000008b300000, 0x000000008b400000|  0%| F|  |TAMS 0x000000008b300000, 0x000000008b300000| Untracked 
| 104|0x000000008b400000, 0x000000008b400000, 0x000000008b500000|  0%| F|  |TAMS 0x000000008b400000, 0x000000008b400000| Untracked 
| 105|0x000000008b500000, 0x000000008b500000, 0x000000008b600000|  0%| F|  |TAMS 0x000000008b500000, 0x000000008b500000| Untracked 
| 106|0x000000008b600000, 0x000000008b600000, 0x000000008b700000|  0%| F|  |TAMS 0x000000008b600000, 0x000000008b600000| Untracked 
| 107|0x000000008b700000, 0x000000008b700000, 0x000000008b800000|  0%| F|  |TAMS 0x000000008b700000, 0x000000008b700000| Untracked 
| 108|0x000000008b800000, 0x000000008b800000, 0x000000008b900000|  0%| F|  |TAMS 0x000000008b800000, 0x000000008b800000| Untracked 
| 109|0x000000008b900000, 0x000000008b900000, 0x000000008ba00000|  0%| F|  |TAMS 0x000000008b900000, 0x000000008b900000| Untracked 
| 110|0x000000008ba00000, 0x000000008ba00000, 0x000000008bb00000|  0%| F|  |TAMS 0x000000008ba00000, 0x000000008ba00000| Untracked 
| 111|0x000000008bb00000, 0x000000008bb00000, 0x000000008bc00000|  0%| F|  |TAMS 0x000000008bb00000, 0x000000008bb00000| Untracked 
| 112|0x000000008bc00000, 0x000000008bc00000, 0x000000008bd00000|  0%| F|  |TAMS 0x000000008bc00000, 0x000000008bc00000| Untracked 
| 113|0x000000008bd00000, 0x000000008bd00000, 0x000000008be00000|  0%| F|  |TAMS 0x000000008bd00000, 0x000000008bd00000| Untracked 
| 114|0x000000008be00000, 0x000000008be00000, 0x000000008bf00000|  0%| F|  |TAMS 0x000000008be00000, 0x000000008be00000| Untracked 
| 115|0x000000008bf00000, 0x000000008bf00000, 0x000000008c000000|  0%| F|  |TAMS 0x000000008bf00000, 0x000000008bf00000| Untracked 
| 116|0x000000008c000000, 0x000000008c000000, 0x000000008c100000|  0%| F|  |TAMS 0x000000008c000000, 0x000000008c000000| Untracked 
| 117|0x000000008c100000, 0x000000008c100000, 0x000000008c200000|  0%| F|  |TAMS 0x000000008c100000, 0x000000008c100000| Untracked 
| 118|0x000000008c200000, 0x000000008c200000, 0x000000008c300000|  0%| F|  |TAMS 0x000000008c200000, 0x000000008c200000| Untracked 
| 119|0x000000008c300000, 0x000000008c300000, 0x000000008c400000|  0%| F|  |TAMS 0x000000008c300000, 0x000000008c300000| Untracked 
| 120|0x000000008c400000, 0x000000008c400000, 0x000000008c500000|  0%| F|  |TAMS 0x000000008c400000, 0x000000008c400000| Untracked 
| 121|0x000000008c500000, 0x000000008c500000, 0x000000008c600000|  0%| F|  |TAMS 0x000000008c500000, 0x000000008c500000| Untracked 
| 122|0x000000008c600000, 0x000000008c600000, 0x000000008c700000|  0%| F|  |TAMS 0x000000008c600000, 0x000000008c600000| Untracked 
| 123|0x000000008c700000, 0x000000008c700000, 0x000000008c800000|  0%| F|  |TAMS 0x000000008c700000, 0x000000008c700000| Untracked 
| 124|0x000000008c800000, 0x000000008c800000, 0x000000008c900000|  0%| F|  |TAMS 0x000000008c800000, 0x000000008c800000| Untracked 
| 125|0x000000008c900000, 0x000000008c900000, 0x000000008ca00000|  0%| F|  |TAMS 0x000000008c900000, 0x000000008c900000| Untracked 
| 126|0x000000008ca00000, 0x000000008ca00000, 0x000000008cb00000|  0%| F|  |TAMS 0x000000008ca00000, 0x000000008ca00000| Untracked 
| 127|0x000000008cb00000, 0x000000008cb00000, 0x000000008cc00000|  0%| F|  |TAMS 0x000000008cb00000, 0x000000008cb00000| Untracked 
| 128|0x000000008cc00000, 0x000000008cc00000, 0x000000008cd00000|  0%| F|  |TAMS 0x000000008cc00000, 0x000000008cc00000| Untracked 
| 129|0x000000008cd00000, 0x000000008cd00000, 0x000000008ce00000|  0%| F|  |TAMS 0x000000008cd00000, 0x000000008cd00000| Untracked 
| 130|0x000000008ce00000, 0x000000008ce00000, 0x000000008cf00000|  0%| F|  |TAMS 0x000000008ce00000, 0x000000008ce00000| Untracked 
| 131|0x000000008cf00000, 0x000000008cf00000, 0x000000008d000000|  0%| F|  |TAMS 0x000000008cf00000, 0x000000008cf00000| Untracked 
| 132|0x000000008d000000, 0x000000008d000000, 0x000000008d100000|  0%| F|  |TAMS 0x000000008d000000, 0x000000008d000000| Untracked 
| 133|0x000000008d100000, 0x000000008d100000, 0x000000008d200000|  0%| F|  |TAMS 0x000000008d100000, 0x000000008d100000| Untracked 
| 134|0x000000008d200000, 0x000000008d200000, 0x000000008d300000|  0%| F|  |TAMS 0x000000008d200000, 0x000000008d200000| Untracked 
| 135|0x000000008d300000, 0x000000008d300000, 0x000000008d400000|  0%| F|  |TAMS 0x000000008d300000, 0x000000008d300000| Untracked 
| 136|0x000000008d400000, 0x000000008d400000, 0x000000008d500000|  0%| F|  |TAMS 0x000000008d400000, 0x000000008d400000| Untracked 
| 137|0x000000008d500000, 0x000000008d500000, 0x000000008d600000|  0%| F|  |TAMS 0x000000008d500000, 0x000000008d500000| Untracked 
| 138|0x000000008d600000, 0x000000008d600000, 0x000000008d700000|  0%| F|  |TAMS 0x000000008d600000, 0x000000008d600000| Untracked 
| 139|0x000000008d700000, 0x000000008d700000, 0x000000008d800000|  0%| F|  |TAMS 0x000000008d700000, 0x000000008d700000| Untracked 
| 140|0x000000008d800000, 0x000000008d800000, 0x000000008d900000|  0%| F|  |TAMS 0x000000008d800000, 0x000000008d800000| Untracked 
| 141|0x000000008d900000, 0x000000008d900000, 0x000000008da00000|  0%| F|  |TAMS 0x000000008d900000, 0x000000008d900000| Untracked 
| 142|0x000000008da00000, 0x000000008da00000, 0x000000008db00000|  0%| F|  |TAMS 0x000000008da00000, 0x000000008da00000| Untracked 
| 143|0x000000008db00000, 0x000000008db00000, 0x000000008dc00000|  0%| F|  |TAMS 0x000000008db00000, 0x000000008db00000| Untracked 
| 144|0x000000008dc00000, 0x000000008dc00000, 0x000000008dd00000|  0%| F|  |TAMS 0x000000008dc00000, 0x000000008dc00000| Untracked 
| 145|0x000000008dd00000, 0x000000008dd00000, 0x000000008de00000|  0%| F|  |TAMS 0x000000008dd00000, 0x000000008dd00000| Untracked 
| 146|0x000000008de00000, 0x000000008de00000, 0x000000008df00000|  0%| F|  |TAMS 0x000000008de00000, 0x000000008de00000| Untracked 
| 147|0x000000008df00000, 0x000000008df00000, 0x000000008e000000|  0%| F|  |TAMS 0x000000008df00000, 0x000000008df00000| Untracked 
| 148|0x000000008e000000, 0x000000008e000000, 0x000000008e100000|  0%| F|  |TAMS 0x000000008e000000, 0x000000008e000000| Untracked 
| 149|0x000000008e100000, 0x000000008e100000, 0x000000008e200000|  0%| F|  |TAMS 0x000000008e100000, 0x000000008e100000| Untracked 
| 150|0x000000008e200000, 0x000000008e200000, 0x000000008e300000|  0%| F|  |TAMS 0x000000008e200000, 0x000000008e200000| Untracked 
| 151|0x000000008e300000, 0x000000008e300000, 0x000000008e400000|  0%| F|  |TAMS 0x000000008e300000, 0x000000008e300000| Untracked 
| 152|0x000000008e400000, 0x000000008e400000, 0x000000008e500000|  0%| F|  |TAMS 0x000000008e400000, 0x000000008e400000| Untracked 
| 153|0x000000008e500000, 0x000000008e500000, 0x000000008e600000|  0%| F|  |TAMS 0x000000008e500000, 0x000000008e500000| Untracked 
| 154|0x000000008e600000, 0x000000008e600000, 0x000000008e700000|  0%| F|  |TAMS 0x000000008e600000, 0x000000008e600000| Untracked 
| 155|0x000000008e700000, 0x000000008e700000, 0x000000008e800000|  0%| F|  |TAMS 0x000000008e700000, 0x000000008e700000| Untracked 
| 156|0x000000008e800000, 0x000000008e800000, 0x000000008e900000|  0%| F|  |TAMS 0x000000008e800000, 0x000000008e800000| Untracked 
| 157|0x000000008e900000, 0x000000008e900000, 0x000000008ea00000|  0%| F|  |TAMS 0x000000008e900000, 0x000000008e900000| Untracked 
| 158|0x000000008ea00000, 0x000000008ea00000, 0x000000008eb00000|  0%| F|  |TAMS 0x000000008ea00000, 0x000000008ea00000| Untracked 
| 159|0x000000008eb00000, 0x000000008eb80c10, 0x000000008ec00000| 50%| E|  |TAMS 0x000000008eb00000, 0x000000008eb00000| Complete 
| 160|0x000000008ec00000, 0x000000008ed00000, 0x000000008ed00000|100%| E|CS|TAMS 0x000000008ec00000, 0x000000008ec00000| Complete 
| 161|0x000000008ed00000, 0x000000008ee00000, 0x000000008ee00000|100%| E|CS|TAMS 0x000000008ed00000, 0x000000008ed00000| Complete 
| 162|0x000000008ee00000, 0x000000008ef00000, 0x000000008ef00000|100%| E|CS|TAMS 0x000000008ee00000, 0x000000008ee00000| Complete 
| 163|0x000000008ef00000, 0x000000008f000000, 0x000000008f000000|100%| E|CS|TAMS 0x000000008ef00000, 0x000000008ef00000| Complete 
| 164|0x000000008f000000, 0x000000008f100000, 0x000000008f100000|100%| E|CS|TAMS 0x000000008f000000, 0x000000008f000000| Complete 
| 165|0x000000008f100000, 0x000000008f200000, 0x000000008f200000|100%| E|CS|TAMS 0x000000008f100000, 0x000000008f100000| Complete 
| 166|0x000000008f200000, 0x000000008f300000, 0x000000008f300000|100%| E|CS|TAMS 0x000000008f200000, 0x000000008f200000| Complete 
| 167|0x000000008f300000, 0x000000008f400000, 0x000000008f400000|100%| E|CS|TAMS 0x000000008f300000, 0x000000008f300000| Complete 
| 168|0x000000008f400000, 0x000000008f500000, 0x000000008f500000|100%| E|CS|TAMS 0x000000008f400000, 0x000000008f400000| Complete 
| 169|0x000000008f500000, 0x000000008f600000, 0x000000008f600000|100%| E|CS|TAMS 0x000000008f500000, 0x000000008f500000| Complete 
| 170|0x000000008f600000, 0x000000008f700000, 0x000000008f700000|100%| E|CS|TAMS 0x000000008f600000, 0x000000008f600000| Complete 
| 171|0x000000008f700000, 0x000000008f800000, 0x000000008f800000|100%| E|CS|TAMS 0x000000008f700000, 0x000000008f700000| Complete 
| 172|0x000000008f800000, 0x000000008f900000, 0x000000008f900000|100%| E|CS|TAMS 0x000000008f800000, 0x000000008f800000| Complete 
| 173|0x000000008f900000, 0x000000008fa00000, 0x000000008fa00000|100%| E|CS|TAMS 0x000000008f900000, 0x000000008f900000| Complete 
| 174|0x000000008fa00000, 0x000000008fb00000, 0x000000008fb00000|100%| E|CS|TAMS 0x000000008fa00000, 0x000000008fa00000| Complete 
| 175|0x000000008fb00000, 0x000000008fc00000, 0x000000008fc00000|100%| E|CS|TAMS 0x000000008fb00000, 0x000000008fb00000| Complete 
| 176|0x000000008fc00000, 0x000000008fd00000, 0x000000008fd00000|100%| E|CS|TAMS 0x000000008fc00000, 0x000000008fc00000| Complete 
| 177|0x000000008fd00000, 0x000000008fe00000, 0x000000008fe00000|100%| E|CS|TAMS 0x000000008fd00000, 0x000000008fd00000| Complete 
| 178|0x000000008fe00000, 0x000000008ff00000, 0x000000008ff00000|100%| E|CS|TAMS 0x000000008fe00000, 0x000000008fe00000| Complete 
|1966|0x00000000ffa00000, 0x00000000ffb00000, 0x00000000ffb00000|100%| O|  |TAMS 0x00000000ffa00000, 0x00000000ffb00000| Untracked 
|1967|0x00000000ffb00000, 0x00000000ffc00000, 0x00000000ffc00000|100%| O|  |TAMS 0x00000000ffb00000, 0x00000000ffc00000| Untracked 
|1968|0x00000000ffc00000, 0x00000000ffd00000, 0x00000000ffd00000|100%| O|  |TAMS 0x00000000ffc00000, 0x00000000ffd00000| Untracked 
|1969|0x00000000ffd00000, 0x00000000ffe00000, 0x00000000ffe00000|100%| O|  |TAMS 0x00000000ffd00000, 0x00000000ffe00000| Untracked 
|1970|0x00000000ffe00000, 0x00000000fff00000, 0x00000000fff00000|100%| O|  |TAMS 0x00000000ffe00000, 0x00000000fff00000| Untracked 
|1971|0x00000000fff00000, 0x0000000100000000, 0x0000000100000000|100%| O|  |TAMS 0x00000000fff00000, 0x0000000100000000| Untracked 

Card table byte_map: [0x000001537e9e0000,0x000001537edc0000] _byte_map_base: 0x000001537e5ba000

Marking Bits (Prev, Next): (CMBitMap*) 0x0000015376df6dd0, (CMBitMap*) 0x0000015376df6d90
 Prev Bits: [0x0000015310ed0000, 0x0000015312da0000)
 Next Bits: [0x000001530f000000, 0x0000015310ed0000)

Polling page: 0x0000015374d50000

Metaspace:

Usage:
  Non-class:     23.50 MB used.
      Class:      3.57 MB used.
       Both:     27.07 MB used.

Virtual space:
  Non-class space:       32.00 MB reserved,      23.62 MB ( 74%) committed,  4 nodes.
      Class space:        1.00 GB reserved,       3.69 MB ( <1%) committed,  1 nodes.
             Both:        1.03 GB reserved,      27.31 MB (  3%) committed. 

Chunk freelists:
   Non-Class:  3.69 MB
       Class:  160.00 KB
        Both:  3.84 MB

MaxMetaspaceSize: unlimited
CompressedClassSpaceSize: 1.00 GB
Initial GC threshold: 21.00 MB
Current GC threshold: 35.25 MB
CDS: on
MetaspaceReclaimPolicy: balanced
 - commit_granule_bytes: 65536.
 - commit_granule_words: 8192.
 - virtual_space_node_default_size: 1048576.
 - enlarge_chunks_in_place: 1.
 - new_chunks_are_fully_committed: 0.
 - uncommit_free_chunks: 1.
 - use_allocation_guard: 0.
 - handle_deallocations: 1.


Internal statistics:

num_allocs_failed_limit: 3.
num_arena_births: 198.
num_arena_deaths: 0.
num_vsnodes_births: 5.
num_vsnodes_deaths: 0.
num_space_committed: 435.
num_space_uncommitted: 0.
num_chunks_returned_to_freelist: 3.
num_chunks_taken_from_freelist: 1142.
num_chunk_merges: 3.
num_chunk_splits: 890.
num_chunks_enlarged: 755.
num_purges: 0.
num_inconsistent_stats: 0.

CodeHeap 'non-profiled nmethods': size=120000Kb used=1206Kb max_used=1206Kb free=118793Kb
 bounds [0x0000015307ad0000, 0x0000015307d40000, 0x000001530f000000]
CodeHeap 'profiled nmethods': size=120000Kb used=5635Kb max_used=5635Kb free=114364Kb
 bounds [0x00000153005a0000, 0x0000015300b30000, 0x0000015307ad0000]
CodeHeap 'non-nmethods': size=5760Kb used=1252Kb max_used=1306Kb free=4507Kb
 bounds [0x0000015300000000, 0x0000015300270000, 0x00000153005a0000]
 total_blobs=3522 nmethods=2960 adapters=474
 compilation: enabled
              stopped_count=0, restarted_count=0
 full_count=0

Compilation events (20 events):
Event: 3.315 Thread 0x000001537f62d640 2989       3       org.jetbrains.kotlin.com.intellij.openapi.util.text.StringUtil::getLineBreakCount (89 bytes)
Event: 3.315 Thread 0x000001537f62d640 nmethod 2989 0x0000015300b1bc90 code [0x0000015300b1be80, 0x0000015300b1c4e8]
Event: 3.317 Thread 0x000001537f62d640 2990       2       org.jetbrains.kotlin.com.intellij.util.keyFMap.OneElementFMap::get (26 bytes)
Event: 3.318 Thread 0x000001537f62d640 nmethod 2990 0x0000015300b1c690 code [0x0000015300b1c840, 0x0000015300b1c9c8]
Event: 3.365 Thread 0x000001537f62d640 2991   !   2       java.lang.invoke.MethodHandleNatives::linkMethodHandleConstant (50 bytes)
Event: 3.365 Thread 0x000001537f62d640 nmethod 2991 0x0000015300b1ca90 code [0x0000015300b1cc40, 0x0000015300b1cde8]
Event: 3.365 Thread 0x000001537f62d640 2992       2       java.lang.invoke.MethodHandles$Lookup::linkMethodHandleConstant (223 bytes)
Event: 3.367 Thread 0x000001537f62d640 nmethod 2992 0x0000015300b1cf90 code [0x0000015300b1d280, 0x0000015300b1dcc8]
Event: 3.381 Thread 0x000001537f62d640 2993       2       java.lang.ClassLoader::definePackage (53 bytes)
Event: 3.381 Thread 0x000001537f62d640 nmethod 2993 0x0000015300b1e290 code [0x0000015300b1e460, 0x0000015300b1e838]
Event: 3.395 Thread 0x000001537f62d640 2994       2       jdk.internal.jimage.ImageLocation::verifyName (161 bytes)
Event: 3.396 Thread 0x000001537f62d640 nmethod 2994 0x0000015300b1ea90 code [0x0000015300b1ece0, 0x0000015300b1f4f8]
Event: 3.405 Thread 0x000001537f62d640 2995       2       kotlin.reflect.jvm.internal.pcollections.IntTree::plus (111 bytes)
Event: 3.405 Thread 0x000001537f62d640 nmethod 2995 0x0000015300b1fc10 code [0x0000015300b1fe20, 0x0000015300b201f8]
Event: 3.412 Thread 0x000001537f62d640 2996       2       kotlin.reflect.jvm.internal.KMutableProperty1Impl$_setter$1::<init> (11 bytes)
Event: 3.412 Thread 0x000001537f62d640 nmethod 2996 0x0000015300b20390 code [0x0000015300b20520, 0x0000015300b20678]
Event: 3.424 Thread 0x000001537f62d640 2997       2       org.jetbrains.kotlin.renderer.DescriptorRendererOptionsImpl::property (20 bytes)
Event: 3.425 Thread 0x000001537f62d640 nmethod 2997 0x0000015300b20710 code [0x0000015300b208a0, 0x0000015300b20ab8]
Event: 3.425 Thread 0x000001537f62d640 2998       2       org.jetbrains.kotlin.renderer.DescriptorRendererOptionsImpl$property$$inlined$vetoable$1::<init> (11 bytes)
Event: 3.425 Thread 0x000001537f62d640 nmethod 2998 0x0000015300b20b90 code [0x0000015300b20d20, 0x0000015300b20ed8]

GC Heap History (14 events):
Event: 0.434 GC heap before
{Heap before GC invocations=0 (full 0):
 garbage-first heap   total 126976K, used 17408K [0x0000000084c00000, 0x0000000100000000)
  region size 1024K, 13 young (13312K), 0 survivors (0K)
 Metaspace       used 3889K, committed 4032K, reserved 1056768K
  class space    used 319K, committed 384K, reserved 1048576K
}
Event: 0.438 GC heap after
{Heap after GC invocations=1 (full 0):
 garbage-first heap   total 126976K, used 6288K [0x0000000084c00000, 0x0000000100000000)
  region size 1024K, 2 young (2048K), 2 survivors (2048K)
 Metaspace       used 3889K, committed 4032K, reserved 1056768K
  class space    used 319K, committed 384K, reserved 1048576K
}
Event: 0.785 GC heap before
{Heap before GC invocations=1 (full 0):
 garbage-first heap   total 126976K, used 21648K [0x0000000084c00000, 0x0000000100000000)
  region size 1024K, 18 young (18432K), 2 survivors (2048K)
 Metaspace       used 7701K, committed 7872K, reserved 1064960K
  class space    used 813K, committed 896K, reserved 1048576K
}
Event: 0.791 GC heap after
{Heap after GC invocations=2 (full 0):
 garbage-first heap   total 126976K, used 7968K [0x0000000084c00000, 0x0000000100000000)
  region size 1024K, 2 young (2048K), 2 survivors (2048K)
 Metaspace       used 7701K, committed 7872K, reserved 1064960K
  class space    used 813K, committed 896K, reserved 1048576K
}
Event: 2.031 GC heap before
{Heap before GC invocations=2 (full 0):
 garbage-first heap   total 126976K, used 67360K [0x0000000084c00000, 0x0000000100000000)
  region size 1024K, 57 young (58368K), 2 survivors (2048K)
 Metaspace       used 21223K, committed 21504K, reserved 1073152K
  class space    used 2606K, committed 2752K, reserved 1048576K
}
Event: 2.042 GC heap after
{Heap after GC invocations=3 (full 0):
 garbage-first heap   total 126976K, used 16870K [0x0000000084c00000, 0x0000000100000000)
  region size 1024K, 7 young (7168K), 7 survivors (7168K)
 Metaspace       used 21223K, committed 21504K, reserved 1073152K
  class space    used 2606K, committed 2752K, reserved 1048576K
}
Event: 2.510 GC heap before
{Heap before GC invocations=4 (full 0):
 garbage-first heap   total 65536K, used 54758K [0x0000000084c00000, 0x0000000100000000)
  region size 1024K, 38 young (38912K), 7 survivors (7168K)
 Metaspace       used 22950K, committed 23296K, reserved 1073152K
  class space    used 2970K, committed 3136K, reserved 1048576K
}
Event: 2.540 GC heap after
{Heap after GC invocations=5 (full 0):
 garbage-first heap   total 72704K, used 32604K [0x0000000084c00000, 0x0000000100000000)
  region size 1024K, 5 young (5120K), 5 survivors (5120K)
 Metaspace       used 22950K, committed 23296K, reserved 1073152K
  class space    used 2970K, committed 3136K, reserved 1048576K
}
Event: 2.545 GC heap before
{Heap before GC invocations=5 (full 0):
 garbage-first heap   total 72704K, used 33628K [0x0000000084c00000, 0x0000000100000000)
  region size 1024K, 6 young (6144K), 5 survivors (5120K)
 Metaspace       used 22950K, committed 23296K, reserved 1073152K
  class space    used 2970K, committed 3136K, reserved 1048576K
}
Event: 2.560 GC heap after
{Heap after GC invocations=6 (full 0):
 garbage-first heap   total 72704K, used 34271K [0x0000000084c00000, 0x0000000100000000)
  region size 1024K, 1 young (1024K), 1 survivors (1024K)
 Metaspace       used 22950K, committed 23296K, reserved 1073152K
  class space    used 2970K, committed 3136K, reserved 1048576K
}
Event: 2.639 GC heap before
{Heap before GC invocations=6 (full 0):
 garbage-first heap   total 72704K, used 38367K [0x0000000084c00000, 0x0000000100000000)
  region size 1024K, 6 young (6144K), 1 survivors (1024K)
 Metaspace       used 22960K, committed 23296K, reserved 1073152K
  class space    used 2970K, committed 3136K, reserved 1048576K
}
Event: 2.644 GC heap after
{Heap after GC invocations=7 (full 0):
 garbage-first heap   total 72704K, used 28769K [0x0000000084c00000, 0x0000000100000000)
  region size 1024K, 3 young (3072K), 3 survivors (3072K)
 Metaspace       used 22960K, committed 23296K, reserved 1073152K
  class space    used 2970K, committed 3136K, reserved 1048576K
}
Event: 2.859 GC heap before
{Heap before GC invocations=7 (full 0):
 garbage-first heap   total 72704K, used 51297K [0x0000000084c00000, 0x0000000100000000)
  region size 1024K, 21 young (21504K), 3 survivors (3072K)
 Metaspace       used 23291K, committed 23616K, reserved 1073152K
  class space    used 2993K, committed 3136K, reserved 1048576K
}
Event: 2.876 GC heap after
{Heap after GC invocations=8 (full 0):
 garbage-first heap   total 189440K, used 32896K [0x0000000084c00000, 0x0000000100000000)
  region size 1024K, 3 young (3072K), 3 survivors (3072K)
 Metaspace       used 23291K, committed 23616K, reserved 1073152K
  class space    used 2993K, committed 3136K, reserved 1048576K
}

Deoptimization events (20 events):
Event: 3.173 Thread 0x0000015376db97a0 DEOPT PACKING pc=0x000001530090453e sp=0x00000051b0efded0
Event: 3.173 Thread 0x0000015376db97a0 DEOPT UNPACKING pc=0x0000015300052b43 sp=0x00000051b0efd370 mode 0
Event: 3.214 Thread 0x0000015376db97a0 DEOPT PACKING pc=0x000001530090453e sp=0x00000051b0efded0
Event: 3.214 Thread 0x0000015376db97a0 DEOPT UNPACKING pc=0x0000015300052b43 sp=0x00000051b0efd370 mode 0
Event: 3.234 Thread 0x0000015376db97a0 DEOPT PACKING pc=0x000001530090453e sp=0x00000051b0efded0
Event: 3.234 Thread 0x0000015376db97a0 DEOPT UNPACKING pc=0x0000015300052b43 sp=0x00000051b0efd370 mode 0
Event: 3.252 Thread 0x0000015376db97a0 DEOPT PACKING pc=0x000001530090453e sp=0x00000051b0efded0
Event: 3.252 Thread 0x0000015376db97a0 DEOPT UNPACKING pc=0x0000015300052b43 sp=0x00000051b0efd370 mode 0
Event: 3.273 Thread 0x0000015376db97a0 DEOPT PACKING pc=0x000001530090453e sp=0x00000051b0efded0
Event: 3.273 Thread 0x0000015376db97a0 DEOPT UNPACKING pc=0x0000015300052b43 sp=0x00000051b0efd370 mode 0
Event: 3.283 Thread 0x0000015376db97a0 DEOPT PACKING pc=0x000001530090453e sp=0x00000051b0efded0
Event: 3.283 Thread 0x0000015376db97a0 DEOPT UNPACKING pc=0x0000015300052b43 sp=0x00000051b0efd370 mode 0
Event: 3.291 Thread 0x0000015376db97a0 Uncommon trap: trap_request=0xffffff45 fr.pc=0x0000015307be5ebc relative=0x000000000000011c
Event: 3.291 Thread 0x0000015376db97a0 Uncommon trap: reason=unstable_if action=reinterpret pc=0x0000015307be5ebc method=org.jetbrains.kotlin.com.intellij.psi.tree.TokenSet.contains(Lorg/jetbrains/kotlin/com/intellij/psi/tree/IElementType;)Z @ 1 c2
Event: 3.291 Thread 0x0000015376db97a0 DEOPT PACKING pc=0x0000015307be5ebc sp=0x00000051b0efd440
Event: 3.291 Thread 0x0000015376db97a0 DEOPT UNPACKING pc=0x00000153000523a3 sp=0x00000051b0efd3e8 mode 2
Event: 3.310 Thread 0x0000015376db97a0 DEOPT PACKING pc=0x000001530090453e sp=0x00000051b0efded0
Event: 3.310 Thread 0x0000015376db97a0 DEOPT UNPACKING pc=0x0000015300052b43 sp=0x00000051b0efd370 mode 0
Event: 3.315 Thread 0x0000015376db97a0 DEOPT PACKING pc=0x0000015300b1a8a2 sp=0x00000051b0efeba0
Event: 3.315 Thread 0x0000015376db97a0 DEOPT UNPACKING pc=0x0000015300052b43 sp=0x00000051b0efe040 mode 0

Classes unloaded (0 events):
No events

Classes redefined (0 events):
No events

Internal exceptions (20 events):
Event: 1.115 Thread 0x0000015376db97a0 Exception <a 'java/lang/NoSuchMethodError'{0x000000008bbd8c90}: 'int java.lang.invoke.Invokers$Holder.invoke_MT(java.lang.Object, java.lang.Object, java.lang.Object, java.lang.Object)'> (0x000000008bbd8c90) 
thrown [t:\workspace\open\src\hotspot\share\interpreter\linkResolver.cpp, line 766]
Event: 1.117 Thread 0x0000015376db97a0 Exception <a 'java/lang/NoSuchMethodError'{0x000000008bbe88b0}: 'int java.lang.invoke.DelegatingMethodHandle$Holder.reinvoke_L(java.lang.Object, java.lang.Object, java.lang.Object, long, int)'> (0x000000008bbe88b0) 
thrown [t:\workspace\open\src\hotspot\share\interpreter\linkResolver.cpp, line 766]
Event: 1.201 Thread 0x0000015376db97a0 Exception <a 'java/lang/NoSuchMethodError'{0x000000008b747ea0}: 'java.lang.Object java.lang.invoke.DirectMethodHandle$Holder.invokeStaticInit(java.lang.Object)'> (0x000000008b747ea0) 
thrown [t:\workspace\open\src\hotspot\share\interpreter\linkResolver.cpp, line 766]
Event: 1.392 Thread 0x0000015376db97a0 Exception <a 'java/lang/NoSuchMethodError'{0x000000008adedb88}: 'java.lang.Object java.lang.invoke.DirectMethodHandle$Holder.invokeStaticInit(java.lang.Object, int)'> (0x000000008adedb88) 
thrown [t:\workspace\open\src\hotspot\share\interpreter\linkResolver.cpp, line 766]
Event: 1.400 Thread 0x0000015376db97a0 Exception <a 'java/lang/NoSuchMethodError'{0x000000008ac76e10}: 'void java.lang.invoke.DirectMethodHandle$Holder.invokeStatic(java.lang.Object, java.lang.Object)'> (0x000000008ac76e10) 
thrown [t:\workspace\open\src\hotspot\share\interpreter\linkResolver.cpp, line 766]
Event: 1.420 Thread 0x0000015376db97a0 Exception <a 'java/lang/NoSuchMethodError'{0x000000008ab9db68}: 'long java.lang.invoke.DirectMethodHandle$Holder.invokeStatic(java.lang.Object)'> (0x000000008ab9db68) 
thrown [t:\workspace\open\src\hotspot\share\interpreter\linkResolver.cpp, line 766]
Event: 1.420 Thread 0x0000015376db97a0 Exception <a 'java/lang/NoSuchMethodError'{0x000000008aba12c0}: 'long java.lang.invoke.DirectMethodHandle$Holder.invokeStaticInit(java.lang.Object)'> (0x000000008aba12c0) 
thrown [t:\workspace\open\src\hotspot\share\interpreter\linkResolver.cpp, line 766]
Event: 1.478 Thread 0x0000015376db97a0 Exception <a 'java/lang/NoSuchMethodError'{0x000000008a715e18}: 'int java.lang.invoke.DirectMethodHandle$Holder.invokeStaticInit(java.lang.Object, java.lang.Object, java.lang.Object)'> (0x000000008a715e18) 
thrown [t:\workspace\open\src\hotspot\share\interpreter\linkResolver.cpp, line 766]
Event: 1.483 Thread 0x0000015376db97a0 Exception <a 'java/lang/NoSuchMethodError'{0x000000008a73d440}: 'int java.lang.invoke.DirectMethodHandle$Holder.invokeStaticInit(java.lang.Object, java.lang.Object)'> (0x000000008a73d440) 
thrown [t:\workspace\open\src\hotspot\share\interpreter\linkResolver.cpp, line 766]
Event: 1.508 Thread 0x0000015376db97a0 Exception <a 'java/lang/NoSuchMethodError'{0x000000008a618778}: 'void java.lang.invoke.DirectMethodHandle$Holder.invokeSpecial(java.lang.Object, java.lang.Object, java.lang.Object)'> (0x000000008a618778) 
thrown [t:\workspace\open\src\hotspot\share\interpreter\linkResolver.cpp, line 766]
Event: 1.618 Thread 0x0000015376db97a0 Exception <a 'java/lang/NoSuchMethodError'{0x000000008a34c7a0}: 'java.lang.Object java.lang.invoke.DirectMethodHandle$Holder.invokeInterface(java.lang.Object, java.lang.Object)'> (0x000000008a34c7a0) 
thrown [t:\workspace\open\src\hotspot\share\interpreter\linkResolver.cpp, line 766]
Event: 1.776 Thread 0x0000015376db97a0 Exception <a 'java/lang/NoSuchMethodError'{0x0000000089cf31d0}: 'void java.lang.invoke.DirectMethodHandle$Holder.invokeStatic(java.lang.Object, java.lang.Object, java.lang.Object, java.lang.Object)'> (0x0000000089cf31d0) 
thrown [t:\workspace\open\src\hotspot\share\interpreter\linkResolver.cpp, line 766]
Event: 1.843 Thread 0x0000015376db97a0 Exception <a 'java/lang/NoSuchMethodError'{0x0000000089895878}: 'void java.lang.invoke.DirectMethodHandle$Holder.invokeStaticInit(java.lang.Object, java.lang.Object)'> (0x0000000089895878) 
thrown [t:\workspace\open\src\hotspot\share\interpreter\linkResolver.cpp, line 766]
Event: 1.931 Thread 0x0000015376db97a0 Exception <a 'java/lang/NoSuchMethodError'{0x000000008939eca0}: 'void java.lang.invoke.DirectMethodHandle$Holder.invokeVirtual(java.lang.Object, java.lang.Object)'> (0x000000008939eca0) 
thrown [t:\workspace\open\src\hotspot\share\interpreter\linkResolver.cpp, line 766]
Event: 1.964 Thread 0x0000015376db97a0 Exception <a 'java/lang/NoSuchMethodError'{0x0000000089143200}: 'int java.lang.invoke.DirectMethodHandle$Holder.invokeVirtual(java.lang.Object, java.lang.Object)'> (0x0000000089143200) 
thrown [t:\workspace\open\src\hotspot\share\interpreter\linkResolver.cpp, line 766]
Event: 1.982 Thread 0x0000015376db97a0 Exception <a 'java/lang/NoSuchMethodError'{0x00000000891e5dd8}: 'java.lang.Object java.lang.invoke.Invokers$Holder.invokeExact_MT(java.lang.Object, java.lang.Object, java.lang.Object, java.lang.Object, java.lang.Object, java.lang.Object)'> (0x00000000891e5dd8) 
thrown [t:\workspace\open\src\hotspot\share\interpreter\linkResolver.cpp, line 766]
Event: 2.175 Thread 0x0000015376db97a0 Exception <a 'java/lang/NoSuchMethodError'{0x0000000088144490}: 'java.lang.Object java.lang.invoke.Invokers$Holder.invoke_MT(java.lang.Object, java.lang.Object, java.lang.Object)'> (0x0000000088144490) 
thrown [t:\workspace\open\src\hotspot\share\interpreter\linkResolver.cpp, line 766]
Event: 3.070 Thread 0x0000015376db97a0 Exception <a 'java/lang/NoSuchMethodError'{0x000000008f42ff08}: 'java.lang.Object java.lang.invoke.DirectMethodHandle$Holder.newInvokeSpecial(java.lang.Object, java.lang.Object, int)'> (0x000000008f42ff08) 
thrown [t:\workspace\open\src\hotspot\share\interpreter\linkResolver.cpp, line 766]
Event: 3.123 Thread 0x0000015376db97a0 Implicit null exception at 0x0000015307be2dbd to 0x0000015307be2ec8
Event: 3.291 Thread 0x0000015376db97a0 Implicit null exception at 0x0000015307be5dcc to 0x0000015307be5ea8

VM Operations (20 events):
Event: 2.031 Executing VM operation: CollectForMetadataAllocation
Event: 2.042 Executing VM operation: CollectForMetadataAllocation done
Event: 2.052 Executing VM operation: G1Concurrent
Event: 2.054 Executing VM operation: G1Concurrent done
Event: 2.056 Executing VM operation: G1Concurrent
Event: 2.061 Executing VM operation: G1Concurrent done
Event: 2.510 Executing VM operation: G1CollectForAllocation
Event: 2.540 Executing VM operation: G1CollectForAllocation done
Event: 2.545 Executing VM operation: G1CollectForAllocation
Event: 2.560 Executing VM operation: G1CollectForAllocation done
Event: 2.639 Executing VM operation: G1TryInitiateConcMark
Event: 2.644 Executing VM operation: G1TryInitiateConcMark done
Event: 2.786 Executing VM operation: HandshakeAllThreads
Event: 2.786 Executing VM operation: HandshakeAllThreads done
Event: 2.859 Executing VM operation: G1CollectForAllocation
Event: 2.876 Executing VM operation: G1CollectForAllocation done
Event: 3.147 Executing VM operation: HandshakeAllThreads
Event: 3.147 Executing VM operation: HandshakeAllThreads done
Event: 3.249 Executing VM operation: ICBufferFull
Event: 3.249 Executing VM operation: ICBufferFull done

Events (20 events):
Event: 2.953 loading class sun/nio/cs/ThreadLocalCoders$2
Event: 2.953 loading class sun/nio/cs/ThreadLocalCoders$2 done
Event: 2.961 loading class java/beans/PropertyChangeSupport
Event: 2.962 loading class java/beans/PropertyChangeSupport done
Event: 2.962 loading class java/beans/PropertyChangeSupport$PropertyChangeListenerMap
Event: 2.962 loading class java/beans/ChangeListenerMap
Event: 2.962 loading class java/beans/ChangeListenerMap done
Event: 2.962 loading class java/beans/PropertyChangeSupport$PropertyChangeListenerMap done
Event: 2.962 loading class java/beans/PropertyChangeListener
Event: 2.962 loading class java/beans/PropertyChangeListener done
Event: 2.984 loading class java/util/EmptyStackException
Event: 2.984 loading class java/util/EmptyStackException done
Event: 2.991 loading class java/util/BitSet
Event: 2.992 loading class java/util/BitSet done
Event: 2.993 loading class java/util/PrimitiveIterator$OfInt
Event: 2.993 loading class java/util/PrimitiveIterator
Event: 2.993 loading class java/util/PrimitiveIterator done
Event: 2.993 loading class java/util/PrimitiveIterator$OfInt done
Event: 3.069 loading class java/util/function/IntUnaryOperator
Event: 3.069 loading class java/util/function/IntUnaryOperator done


Dynamic libraries:
0x00007ff7f0bd0000 - 0x00007ff7f0bde000 	C:\Users\pedro\AppData\Local\jdk-17.0.2\bin\java.exe
0x00007fff7c270000 - 0x00007fff7c468000 	C:\WINDOWS\SYSTEM32\ntdll.dll
0x00007fff7b250000 - 0x00007fff7b30d000 	C:\WINDOWS\System32\KERNEL32.DLL
0x00007fff79ba0000 - 0x00007fff79e96000 	C:\WINDOWS\System32\KERNELBASE.dll
0x00007fff79a00000 - 0x00007fff79b00000 	C:\WINDOWS\System32\ucrtbase.dll
0x00007fff67ac0000 - 0x00007fff67ada000 	C:\Users\pedro\AppData\Local\jdk-17.0.2\bin\VCRUNTIME140.dll
0x00007fff74780000 - 0x00007fff74798000 	C:\Users\pedro\AppData\Local\jdk-17.0.2\bin\jli.dll
0x00007fff7a720000 - 0x00007fff7a8be000 	C:\WINDOWS\System32\USER32.dll
0x00007fff79930000 - 0x00007fff79952000 	C:\WINDOWS\System32\win32u.dll
0x00007fff68870000 - 0x00007fff68b0a000 	C:\WINDOWS\WinSxS\amd64_microsoft.windows.common-controls_6595b64144ccf1df_6.0.19041.3636_none_60b6a03d71f818d5\COMCTL32.dll
0x00007fff7a310000 - 0x00007fff7a33b000 	C:\WINDOWS\System32\GDI32.dll
0x00007fff7b7b0000 - 0x00007fff7b84e000 	C:\WINDOWS\System32\msvcrt.dll
0x00007fff79ea0000 - 0x00007fff79fb7000 	C:\WINDOWS\System32\gdi32full.dll
0x00007fff79960000 - 0x00007fff799fd000 	C:\WINDOWS\System32\msvcp_win.dll
0x00007fff7ad30000 - 0x00007fff7ad62000 	C:\WINDOWS\System32\IMM32.DLL
0x00007fff74950000 - 0x00007fff7495c000 	C:\Users\pedro\AppData\Local\jdk-17.0.2\bin\vcruntime140_1.dll
0x00007fff5b750000 - 0x00007fff5b7dd000 	C:\Users\pedro\AppData\Local\jdk-17.0.2\bin\msvcp140.dll
0x00007fff46640000 - 0x00007fff47201000 	C:\Users\pedro\AppData\Local\jdk-17.0.2\bin\server\jvm.dll
0x00007fff7af20000 - 0x00007fff7afd3000 	C:\WINDOWS\System32\ADVAPI32.dll
0x00007fff7b100000 - 0x00007fff7b19f000 	C:\WINDOWS\System32\sechost.dll
0x00007fff7ad70000 - 0x00007fff7ae96000 	C:\WINDOWS\System32\RPCRT4.dll
0x00007fff79b70000 - 0x00007fff79b97000 	C:\WINDOWS\System32\bcrypt.dll
0x00007fff7c220000 - 0x00007fff7c228000 	C:\WINDOWS\System32\PSAPI.DLL
0x00007fff60ca0000 - 0x00007fff60ca9000 	C:\WINDOWS\SYSTEM32\WSOCK32.dll
0x00007fff71d00000 - 0x00007fff71d0a000 	C:\WINDOWS\SYSTEM32\VERSION.dll
0x00007fff7b850000 - 0x00007fff7b8bb000 	C:\WINDOWS\System32\WS2_32.dll
0x00007fff72fd0000 - 0x00007fff72ff7000 	C:\WINDOWS\SYSTEM32\WINMM.dll
0x00007fff78170000 - 0x00007fff78182000 	C:\WINDOWS\SYSTEM32\kernel.appcore.dll
0x00007fff74800000 - 0x00007fff7480a000 	C:\Users\pedro\AppData\Local\jdk-17.0.2\bin\jimage.dll
0x00007fff766f0000 - 0x00007fff768d4000 	C:\WINDOWS\SYSTEM32\DBGHELP.DLL
0x00007fff5cfb0000 - 0x00007fff5cfe4000 	C:\WINDOWS\SYSTEM32\dbgcore.DLL
0x00007fff79fc0000 - 0x00007fff7a042000 	C:\WINDOWS\System32\bcryptPrimitives.dll
0x00007fff5f660000 - 0x00007fff5f685000 	C:\Users\pedro\AppData\Local\jdk-17.0.2\bin\java.dll
0x00007fff5a470000 - 0x00007fff5a546000 	C:\Users\pedro\AppData\Local\jdk-17.0.2\bin\jsvml.dll
0x00007fff7bad0000 - 0x00007fff7c215000 	C:\WINDOWS\System32\SHELL32.dll
0x00007fff76fa0000 - 0x00007fff7773c000 	C:\WINDOWS\SYSTEM32\windows.storage.dll
0x00007fff7b450000 - 0x00007fff7b7a4000 	C:\WINDOWS\System32\combase.dll
0x00007fff79360000 - 0x00007fff7938e000 	C:\WINDOWS\SYSTEM32\Wldp.dll
0x00007fff7a650000 - 0x00007fff7a71d000 	C:\WINDOWS\System32\OLEAUT32.dll
0x00007fff7b1a0000 - 0x00007fff7b24d000 	C:\WINDOWS\System32\SHCORE.dll
0x00007fff7a2b0000 - 0x00007fff7a305000 	C:\WINDOWS\System32\shlwapi.dll
0x00007fff79860000 - 0x00007fff79885000 	C:\WINDOWS\SYSTEM32\profapi.dll
0x00007fff67aa0000 - 0x00007fff67ab9000 	C:\Users\pedro\AppData\Local\jdk-17.0.2\bin\net.dll
0x00007fff6dc40000 - 0x00007fff6dd4a000 	C:\WINDOWS\SYSTEM32\WINHTTP.dll
0x00007fff790c0000 - 0x00007fff7912a000 	C:\WINDOWS\system32\mswsock.dll
0x00007fff677f0000 - 0x00007fff67806000 	C:\Users\pedro\AppData\Local\jdk-17.0.2\bin\nio.dll
0x00007fff671b0000 - 0x00007fff671c8000 	C:\Users\pedro\AppData\Local\jdk-17.0.2\bin\zip.dll
0x00007fff671e0000 - 0x00007fff671f0000 	C:\Users\pedro\AppData\Local\jdk-17.0.2\bin\verify.dll

dbghelp: loaded successfully - version: 4.0.5 - missing functions: none
symbol engine: initialized successfully - sym options: 0x614 - pdb path: .;C:\Users\pedro\AppData\Local\jdk-17.0.2\bin;C:\WINDOWS\SYSTEM32;C:\WINDOWS\WinSxS\amd64_microsoft.windows.common-controls_6595b64144ccf1df_6.0.19041.3636_none_60b6a03d71f818d5;C:\Users\pedro\AppData\Local\jdk-17.0.2\bin\server

VM Arguments:
java_command: org.jetbrains.kotlin.cli.jvm.K2JVMCompiler @C:\Users\pedro\programacao\react\AwesomeProject\node_modules\@react-native\gradle-plugin\build\20240312_11018501779538998309.compiler.options
java_class_path (initial): C:\Users\pedro\.gradle\caches\modules-2\files-2.1\org.jetbrains.kotlin\kotlin-compiler-embeddable\1.8.0\eb9118d4bcceaa2a94b2ae2a33a4ddba7c9a947f\kotlin-compiler-embeddable-1.8.0.jar;C:\Users\pedro\.gradle\caches\modules-2\files-2.1\org.jetbrains.kotlin\kotlin-stdlib\1.8.0\1796921c7a3e2e2665a83e6c8d33399336cd39bc\kotlin-stdlib-1.8.0.jar;C:\Users\pedro\.gradle\caches\modules-2\files-2.1\org.jetbrains.kotlin\kotlin-script-runtime\1.8.0\b2f7e760d283cb339974851c222a4c1d48f2d3d\kotlin-script-runtime-1.8.0.jar;C:\Users\pedro\.gradle\caches\modules-2\files-2.1\org.jetbrains.kotlin\kotlin-reflect\1.6.10\1cbe9c92c12a94eea200d23c2bbaedaf3daf5132\kotlin-reflect-1.6.10.jar;C:\Users\pedro\.gradle\caches\modules-2\files-2.1\org.jetbrains.kotlin\kotlin-daemon-embeddable\1.8.0\d255216c551685dc3a7e852b53617f5f01aaaa5c\kotlin-daemon-embeddable-1.8.0.jar;C:\Users\pedro\.gradle\caches\modules-2\files-2.1\org.jetbrains.intellij.deps\trove4j\1.0.20200330\3afb14d5f9ceb459d724e907a21145e8ff394f02\trove4j-1.0.20200330.jar;C:\Users\pedro\.gradle\caches\modules-2\files-2.1\net.java.dev.jna\jna\5.6.0\330f2244e9030119ab3030fc3fededc86713d9cc\jna-5.6.0.jar;C:\Users\pedro\.gradle\caches\modules-2\files-2.1\org.jetbrains.kotlin\kotlin-stdlib-common\1.8.0\f7197e7cc76453ac59f8b0f8d5137cc600becd36\kotlin-stdlib-common-1.8.0.jar;C:\Users\pedro\.gradle\caches\modules-2\files-2.1\org.jetbrains\annotations\13.0\919f0dfe192fb4e063e7dacadee7f8bb9a2672a9\annotations-13.0.jar
Launcher Type: SUN_STANDARD

[Global flags]
     intx CICompilerCount                          = 3                                         {product} {ergonomic}
     uint ConcGCThreads                            = 1                                         {product} {ergonomic}
     uint G1ConcRefinementThreads                  = 4                                         {product} {ergonomic}
   size_t G1HeapRegionSize                         = 1048576                                   {product} {ergonomic}
    uintx GCDrainStackTargetSize                   = 64                                        {product} {ergonomic}
   size_t InitialHeapSize                          = 130023424                                 {product} {ergonomic}
   size_t MarkStackSize                            = 4194304                                   {product} {ergonomic}
   size_t MaxHeapSize                              = 2067791872                                {product} {ergonomic}
   size_t MaxNewSize                               = 1240465408                                {product} {ergonomic}
   size_t MinHeapDeltaBytes                        = 1048576                                   {product} {ergonomic}
   size_t MinHeapSize                              = 8388608                                   {product} {ergonomic}
    uintx NonNMethodCodeHeapSize                   = 5832780                                {pd product} {ergonomic}
    uintx NonProfiledCodeHeapSize                  = 122912730                              {pd product} {ergonomic}
    uintx ProfiledCodeHeapSize                     = 122912730                              {pd product} {ergonomic}
    uintx ReservedCodeCacheSize                    = 251658240                              {pd product} {ergonomic}
     bool SegmentedCodeCache                       = true                                      {product} {ergonomic}
   size_t SoftMaxHeapSize                          = 2067791872                             {manageable} {ergonomic}
     bool UseCompressedClassPointers               = true                           {product lp64_product} {ergonomic}
     bool UseCompressedOops                        = true                           {product lp64_product} {ergonomic}
     bool UseG1GC                                  = true                                      {product} {ergonomic}
     bool UseLargePagesIndividualAllocation        = false                                  {pd product} {ergonomic}

Logging:
Log output configuration:
 #0: stdout all=warning uptime,level,tags
 #1: stderr all=off uptime,level,tags

Environment Variables:
JAVA_HOME=C:\Users\pedro\AppData\Local\jdk-17.0.2
CLASSPATH=C:\Users\pedro\programacao\react\AwesomeProject\android\\gradle\wrapper\gradle-wrapper.jar
PATH=C:\Users\pedro\programacao\react\AwesomeProject\node_modules\.bin;C:\Users\pedro\programacao\react\AwesomeProject\node_modules\.bin;C:\Users\pedro\programacao\react\node_modules\.bin;C:\Users\pedro\programacao\node_modules\.bin;C:\Users\pedro\node_modules\.bin;C:\Users\node_modules\.bin;C:\node_modules\.bin;C:\Program Files\nodejs\node_modules\npm\node_modules\@npmcli\run-script\lib\node-gyp-bin;C:\Users\pedro\programacao\react\AwesomeProject\node_modules\.bin;C:\Users\pedro\programacao\react\node_modules\.bin;C:\Users\pedro\programacao\node_modules\.bin;C:\Users\pedro\node_modules\.bin;C:\Users\node_modules\.bin;C:\node_modules\.bin;C:\Program Files\nodejs\node_modules\npm\node_modules\@npmcli\run-script\lib\node-gyp-bin;C:\Program Files\Common Files\Oracle\Java\javapath;C:\Python312\Scripts\;C:\Python312\;C:\WINDOWS\system32;C:\WINDOWS;C:\WINDOWS\System32\Wbem;C:\WINDOWS\System32\WindowsPowerShell\v1.0\;C:\WINDOWS\System32\OpenSSH\;C:\Program Files\Git\cmd;C:\Program Files\nodejs\;C:\ProgramData\chocolatey\bin;C:\Users\pedro\AppData\Local\Android\Sdk\platform-tools;C:\Users\pedro\AppData\Local\Android\Sdk\tools;C:\Users\pedro\AppData\Local\jdk-11.0.2\bin;C:\Users\pedro\AppData\Local\Microsoft\WindowsApps;;C:\Users\pedro\AppData\Local\Programs\Microsoft VS Code\bin;C:\Users\pedro\AppData\Roaming\npm
USERNAME=pedro
OS=Windows_NT
PROCESSOR_IDENTIFIER=Intel64 Family 6 Model 61 Stepping 4, GenuineIntel



---------------  S Y S T E M  ---------------

OS:
 Windows 10 , 64 bit Build 19041 (10.0.19041.3636)
OS uptime: 14 days 19:00 hours

CPU: total 4 (initial active 4) (2 cores per cpu, 2 threads per core) family 6 model 61 stepping 4 microcode 0x2d, cx8, cmov, fxsr, ht, mmx, 3dnowpref, sse, sse2, sse3, ssse3, sse4.1, sse4.2, popcnt, lzcnt, tsc, tscinvbit, avx, avx2, aes, erms, clmul, bmi1, bmi2, rtm, adx, fma, vzeroupper, clflush

Memory: 4k page, system-wide physical 7884M (630M free)
TotalPageFile size 32460M (AvailPageFile size 6M)
current process WorkingSet (physical memory assigned to process): 220M, peak: 222M
current process commit charge ("private bytes"): 356M, peak: 359M

vm_info: OpenJDK 64-Bit Server VM (17.0.2+8-86) for windows-amd64 JRE (17.0.2+8-86), built on Dec  7 2021 21:49:10 by "mach5one" with MS VC++ 16.8 / 16.9 (VS2019)

END.
